#
# There is insufficient memory for the Java Runtime Environment to continue.
# Native memory allocation (mmap) failed to map 69206016 bytes for Failed to commit area from 0x0000000094900000 to 0x0000000098b00000 of length 69206016.
# Possible reasons:
#   The system is out of physical RAM or swap space
#   The process is running with CompressedOops enabled, and the Java Heap may be blocking the growth of the native heap
# Possible solutions:
#   Reduce memory load on the system
#   Increase physical memory or swap space
#   Check if swap backing store is full
#   Decrease Java heap size (-Xmx/-Xms)
#   Decrease number of Java threads
#   Decrease Java thread stack sizes (-Xss)
#   Set larger code cache with -XX:ReservedCodeCacheSize=
#   JVM is running with Unscaled Compressed Oops mode in which the Java heap is
#     placed in the first 4GB address space. The Java Heap base address is the
#     maximum limit for the native heap growth. Please use -XX:HeapBaseMinAddress
#     to set the Java Heap base and to place the Java Heap above 4GB virtual address.
# This output file may be truncated or incomplete.
#
#  Out of Memory Error (./open/src/hotspot/os/windows/os_windows.cpp:3292), pid=18560, tid=7304
#
# JRE version: Java(TM) SE Runtime Environment 18.9 (11.0.19+9) (build 11.0.19+9-LTS-224)
# Java VM: Java HotSpot(TM) 64-Bit Server VM 18.9 (11.0.19+9-LTS-224, mixed mode, tiered, compressed oops, g1 gc, windows-amd64)
# No core dump will be written. Minidumps are not enabled by default on client versions of Windows
#

---------------  S U M M A R Y ------------

Command Line: -XX:MaxMetaspaceSize=512m --add-opens=java.base/java.util=ALL-UNNAMED --add-opens=java.base/java.lang=ALL-UNNAMED --add-opens=java.base/java.lang.invoke=ALL-UNNAMED --add-opens=java.prefs/java.util.prefs=ALL-UNNAMED --add-opens=java.base/java.nio.charset=ALL-UNNAMED --add-opens=java.base/java.net=ALL-UNNAMED --add-opens=java.base/java.util.concurrent.atomic=ALL-UNNAMED -Xmx2048m -Dfile.encoding=windows-1252 -Duser.country=US -Duser.language=en -Duser.variant org.gradle.launcher.daemon.bootstrap.GradleDaemon 8.0.1

Host: Intel(R) Core(TM) i5-7300HQ CPU @ 2.50GHz, 4 cores, 11G,  Windows 11 , 64 bit Build 22000 (10.0.22000.2360)
Time: Sat Sep 16 22:47:32 2023 SE Asia Standard Time elapsed time: 129.233747 seconds (0d 0h 2m 9s)

---------------  T H R E A D  ---------------

Current thread (0x000001dca950a800):  VMThread "VM Thread" [stack: 0x0000005ea2200000,0x0000005ea2300000] [id=7304]

Stack: [0x0000005ea2200000,0x0000005ea2300000]
[error occurred during error reporting (printing stack bounds), id 0xc0000005, EXCEPTION_ACCESS_VIOLATION (0xc0000005) at pc=0x000001dc93400f2d]

Native frames: (J=compiled Java code, j=interpreted, Vv=VM code, C=native code)
V  [jvm.dll+0x65fe1a]
V  [jvm.dll+0x7a2bbf]
V  [jvm.dll+0x7a4289]
V  [jvm.dll+0x7a4885]
V  [jvm.dll+0x7a483b]
V  [jvm.dll+0x65f323]
V  [jvm.dll+0x65fa18]
C  [ntdll.dll+0xa8b4f]
C  [ntdll.dll+0x35bea]
C  [ntdll.dll+0xa7b3e]
C  0x000001dc93400f2d

VM_Operation (0x0000005ea6df9170): G1CollectForAllocation, mode: safepoint, requested by thread 0x000001dcace88000


---------------  P R O C E S S  ---------------

Threads class SMR info:
_java_thread_list=0x000001dcbb965350, length=102, elements={
0x000001dc8bd52000, 0x000001dca9510000, 0x000001dca9519000, 0x000001dca9d76000,
0x000001dca9d78000, 0x000001dca9d79000, 0x000001dca9d7c000, 0x000001dca9d7d000,
0x000001dca9d8e000, 0x000001dca9ef1800, 0x000001dcac3b5000, 0x000001dcab513000,
0x000001dcaac04800, 0x000001dcac219800, 0x000001dcace95000, 0x000001dcace8b800,
0x000001dcace8d000, 0x000001dcace8c800, 0x000001dcace8e000, 0x000001dcace8f000,
0x000001dcace8a000, 0x000001dcaf72d000, 0x000001dcaf731000, 0x000001dcaf72f800,
0x000001dcaf737800, 0x000001dcaf734800, 0x000001dcaf732800, 0x000001dcb0179000,
0x000001dcacfe2000, 0x000001dcb017b800, 0x000001dcb0178800, 0x000001dcb017c800,
0x000001dcb017a000, 0x000001dcb0181800, 0x000001dcb0180800, 0x000001dcb017e000,
0x000001dcb0182000, 0x000001dcb017f800, 0x000001dcb017d000, 0x000001dcb0183800,
0x000001dcb0186000, 0x000001dcb0185800, 0x000001dcb0187000, 0x000001dcb0184800,
0x000001dcb0183000, 0x000001dcacfde800, 0x000001dcacfdf800, 0x000001dcacfe0800,
0x000001dcacfe1000, 0x000001dcacfdd000, 0x000001dcacfe3800, 0x000001dcacfde000,
0x000001dcacfe5000, 0x000001dcacfe9800, 0x000001dcacfea000, 0x000001dcacfe6000,
0x000001dcacfe7000, 0x000001dcacfe4800, 0x000001dcacfe7800, 0x000001dcacfe8800,
0x000001dcacfeb000, 0x000001dcaf72b800, 0x000001dcaf733800, 0x000001dcaf72d800,
0x000001dcaf738800, 0x000001dcaf735000, 0x000001dcaf73a000, 0x000001dcaf736000,
0x000001dcaf736800, 0x000001dcaf739000, 0x000001dcace88000, 0x000001dcace89000,
0x000001dcace8a800, 0x000001dcb1301000, 0x000001dcb1300000, 0x000001dcb12fb800,
0x000001dcb1302000, 0x000001dcb12fd000, 0x000001dcb12fe800, 0x000001dcb12fc000,
0x000001dcb12fd800, 0x000001dcb1305000, 0x000001dcb12ff800, 0x000001dcb1304800,
0x000001dcb1303800, 0x000001dcb1302800, 0x000001dcb1306800, 0x000001dcb1308800,
0x000001dcb1309000, 0x000001dcb67d4800, 0x000001dcb67d3000, 0x000001dcb67d3800,
0x000001dcb67d7000, 0x000001dcb67d1000, 0x000001dcb67d2000, 0x000001dcb67d8800,
0x000001dcb67dc000, 0x000001dcb67d9800, 0x000001dcbe0b1800, 0x000001dcbe0b4000,
0x000001dcbe0b3800, 0x000001dcbe0b2800
}

Java Threads: ( => current thread )
  0x000001dc8bd52000 JavaThread "main" [_thread_blocked, id=22292, stack(0x0000005ea1c00000,0x0000005ea1d00000)]
  0x000001dca9510000 JavaThread "Reference Handler" daemon [_thread_blocked, id=16660, stack(0x0000005ea2300000,0x0000005ea2400000)]
  0x000001dca9519000 JavaThread "Finalizer" daemon [_thread_blocked, id=9296, stack(0x0000005ea2400000,0x0000005ea2500000)]
  0x000001dca9d76000 JavaThread "Signal Dispatcher" daemon [_thread_blocked, id=15220, stack(0x0000005ea2500000,0x0000005ea2600000)]
  0x000001dca9d78000 JavaThread "Attach Listener" daemon [_thread_blocked, id=4276, stack(0x0000005ea2600000,0x0000005ea2700000)]
  0x000001dca9d79000 JavaThread "Service Thread" daemon [_thread_blocked, id=17120, stack(0x0000005ea2700000,0x0000005ea2800000)]
  0x000001dca9d7c000 JavaThread "C2 CompilerThread0" daemon [_thread_blocked, id=21696, stack(0x0000005ea2800000,0x0000005ea2900000)]
  0x000001dca9d7d000 JavaThread "C1 CompilerThread0" daemon [_thread_blocked, id=21456, stack(0x0000005ea2900000,0x0000005ea2a00000)]
  0x000001dca9d8e000 JavaThread "Sweeper thread" daemon [_thread_blocked, id=24404, stack(0x0000005ea2a00000,0x0000005ea2b00000)]
  0x000001dca9ef1800 JavaThread "Common-Cleaner" daemon [_thread_blocked, id=21892, stack(0x0000005ea2b00000,0x0000005ea2c00000)]
  0x000001dcac3b5000 JavaThread "Daemon health stats" [_thread_blocked, id=16304, stack(0x0000005ea3100000,0x0000005ea3200000)]
  0x000001dcab513000 JavaThread "Incoming local TCP Connector on port 61994" [_thread_in_native, id=23852, stack(0x0000005ea2d00000,0x0000005ea2e00000)]
  0x000001dcaac04800 JavaThread "Daemon periodic checks" [_thread_blocked, id=1320, stack(0x0000005ea3200000,0x0000005ea3300000)]
  0x000001dcac219800 JavaThread "Daemon" [_thread_blocked, id=23236, stack(0x0000005ea3300000,0x0000005ea3400000)]
  0x000001dcace95000 JavaThread "Daemon worker" [_thread_blocked, id=20544, stack(0x0000005ea3600000,0x0000005ea3700000)]
  0x000001dcace8b800 JavaThread "Cache worker for journal cache (C:\Users\dobao\.gradle\caches\journal-1)" [_thread_blocked, id=17032, stack(0x0000005ea3a00000,0x0000005ea3b00000)]
  0x000001dcace8d000 JavaThread "File lock request listener" [_thread_in_native, id=10508, stack(0x0000005ea3b00000,0x0000005ea3c00000)]
  0x000001dcace8c800 JavaThread "Cache worker for file hash cache (C:\Users\dobao\.gradle\caches\8.0.1\fileHashes)" [_thread_blocked, id=6572, stack(0x0000005ea3c00000,0x0000005ea3d00000)]
  0x000001dcace8e000 JavaThread "File watcher server" daemon [_thread_blocked, id=2648, stack(0x0000005ea3e00000,0x0000005ea3f00000)]
  0x000001dcace8f000 JavaThread "File watcher consumer" daemon [_thread_blocked, id=23932, stack(0x0000005ea3f00000,0x0000005ea4000000)]
  0x000001dcace8a000 JavaThread "Cache worker for file content cache (C:\Users\dobao\.gradle\caches\8.0.1\fileContent)" [_thread_blocked, id=13372, stack(0x0000005ea4200000,0x0000005ea4300000)]
  0x000001dcaf72d000 JavaThread "Cache worker for execution history cache (C:\Users\dobao\.gradle\caches\8.0.1\executionHistory)" [_thread_blocked, id=13632, stack(0x0000005ea4500000,0x0000005ea4600000)]
  0x000001dcaf731000 JavaThread "jar transforms" [_thread_blocked, id=18800, stack(0x0000005ea4600000,0x0000005ea4700000)]
  0x000001dcaf72f800 JavaThread "jar transforms Thread 2" [_thread_blocked, id=24496, stack(0x0000005ea4700000,0x0000005ea4800000)]
  0x000001dcaf737800 JavaThread "jar transforms Thread 3" [_thread_blocked, id=22708, stack(0x0000005ea4800000,0x0000005ea4900000)]
  0x000001dcaf734800 JavaThread "jar transforms Thread 4" [_thread_blocked, id=22876, stack(0x0000005ea4900000,0x0000005ea4a00000)]
  0x000001dcaf732800 JavaThread "Cache worker for kotlin-dsl (C:\Users\dobao\.gradle\caches\8.0.1\kotlin-dsl)" [_thread_blocked, id=19032, stack(0x0000005ea4a00000,0x0000005ea4b00000)]
  0x000001dcb0179000 JavaThread "Memory manager" [_thread_blocked, id=13556, stack(0x0000005ea6700000,0x0000005ea6800000)]
  0x000001dcacfe2000 JavaThread "File lock release action executor" [_thread_blocked, id=10188, stack(0x0000005ea7c00000,0x0000005ea7d00000)]
  0x000001dcb017b800 JavaThread "Handler for socket connection from /127.0.0.1:61994 to /127.0.0.1:62011" [_thread_in_native, id=17144, stack(0x0000005ea3400000,0x0000005ea3500000)]
  0x000001dcb0178800 JavaThread "Cancel handler" [_thread_blocked, id=21088, stack(0x0000005ea3500000,0x0000005ea3600000)]
  0x000001dcb017c800 JavaThread "Asynchronous log dispatcher for DefaultDaemonConnection: socket connection from /127.0.0.1:61994 to /127.0.0.1:62011" [_thread_blocked, id=1344, stack(0x0000005ea3700000,0x0000005ea3800000)]
  0x000001dcb017a000 JavaThread "Stdin handler" [_thread_blocked, id=22412, stack(0x0000005ea3800000,0x0000005ea3900000)]
  0x000001dcb0181800 JavaThread "Daemon client event forwarder" [_thread_blocked, id=19828, stack(0x0000005ea3900000,0x0000005ea3a00000)]
  0x000001dcb0180800 JavaThread "Cache worker for checksums cache (E:\Project\App\HobbyHub\android\.gradle\8.0.1\checksums)" [_thread_blocked, id=3272, stack(0x0000005ea3d00000,0x0000005ea3e00000)]
  0x000001dcb017e000 JavaThread "Cache worker for cache directory md-rule (C:\Users\dobao\.gradle\caches\8.0.1\md-rule)" [_thread_blocked, id=5532, stack(0x0000005ea4000000,0x0000005ea4100000)]
  0x000001dcb0182000 JavaThread "Cache worker for file hash cache (E:\Project\App\HobbyHub\android\.gradle\8.0.1\fileHashes)" [_thread_blocked, id=8216, stack(0x0000005ea4100000,0x0000005ea4200000)]
  0x000001dcb017f800 JavaThread "Cache worker for cache directory md-supplier (C:\Users\dobao\.gradle\caches\8.0.1\md-supplier)" [_thread_blocked, id=15048, stack(0x0000005ea4300000,0x0000005ea4400000)]
  0x000001dcb017d000 JavaThread "Cache worker for dependencies-accessors (E:\Project\App\HobbyHub\android\.gradle\8.0.1\dependencies-accessors)" [_thread_blocked, id=22840, stack(0x0000005ea4400000,0x0000005ea4500000)]
  0x000001dcb0183800 JavaThread "Cache worker for Build Output Cleanup Cache (E:\Project\App\HobbyHub\node_modules\@react-native\gradle-plugin\.gradle\buildOutputCleanup)" [_thread_blocked, id=15648, stack(0x0000005ea4c00000,0x0000005ea4d00000)]
  0x000001dcb0186000 JavaThread "Unconstrained build operations" [_thread_blocked, id=22256, stack(0x0000005ea4d00000,0x0000005ea4e00000)]
  0x000001dcb0185800 JavaThread "Unconstrained build operations Thread 2" [_thread_blocked, id=24208, stack(0x0000005ea4e00000,0x0000005ea4f00000)]
  0x000001dcb0187000 JavaThread "Unconstrained build operations Thread 3" [_thread_blocked, id=20684, stack(0x0000005ea4f00000,0x0000005ea5000000)]
  0x000001dcb0184800 JavaThread "Unconstrained build operations Thread 4" [_thread_blocked, id=17980, stack(0x0000005ea5000000,0x0000005ea5100000)]
  0x000001dcb0183000 JavaThread "Unconstrained build operations Thread 5" [_thread_blocked, id=10140, stack(0x0000005ea5100000,0x0000005ea5200000)]
  0x000001dcacfde800 JavaThread "Unconstrained build operations Thread 6" [_thread_blocked, id=13188, stack(0x0000005ea5200000,0x0000005ea5300000)]
  0x000001dcacfdf800 JavaThread "Unconstrained build operations Thread 7" [_thread_blocked, id=16608, stack(0x0000005ea5300000,0x0000005ea5400000)]
  0x000001dcacfe0800 JavaThread "Unconstrained build operations Thread 8" [_thread_blocked, id=4388, stack(0x0000005ea5400000,0x0000005ea5500000)]
  0x000001dcacfe1000 JavaThread "Unconstrained build operations Thread 9" [_thread_blocked, id=12092, stack(0x0000005ea5500000,0x0000005ea5600000)]
  0x000001dcacfdd000 JavaThread "Unconstrained build operations Thread 10" [_thread_blocked, id=22444, stack(0x0000005ea5600000,0x0000005ea5700000)]
  0x000001dcacfe3800 JavaThread "Unconstrained build operations Thread 11" [_thread_blocked, id=13404, stack(0x0000005ea5700000,0x0000005ea5800000)]
  0x000001dcacfde000 JavaThread "Unconstrained build operations Thread 12" [_thread_blocked, id=20140, stack(0x0000005ea5800000,0x0000005ea5900000)]
  0x000001dcacfe5000 JavaThread "Unconstrained build operations Thread 13" [_thread_blocked, id=4836, stack(0x0000005ea5900000,0x0000005ea5a00000)]
  0x000001dcacfe9800 JavaThread "Unconstrained build operations Thread 14" [_thread_blocked, id=7416, stack(0x0000005ea5a00000,0x0000005ea5b00000)]
  0x000001dcacfea000 JavaThread "Unconstrained build operations Thread 15" [_thread_blocked, id=19520, stack(0x0000005ea5b00000,0x0000005ea5c00000)]
  0x000001dcacfe6000 JavaThread "Unconstrained build operations Thread 16" [_thread_blocked, id=20776, stack(0x0000005ea5c00000,0x0000005ea5d00000)]
  0x000001dcacfe7000 JavaThread "Unconstrained build operations Thread 17" [_thread_blocked, id=21368, stack(0x0000005ea5d00000,0x0000005ea5e00000)]
  0x000001dcacfe4800 JavaThread "Unconstrained build operations Thread 18" [_thread_blocked, id=14344, stack(0x0000005ea5e00000,0x0000005ea5f00000)]
  0x000001dcacfe7800 JavaThread "Unconstrained build operations Thread 19" [_thread_blocked, id=4884, stack(0x0000005ea5f00000,0x0000005ea6000000)]
  0x000001dcacfe8800 JavaThread "Unconstrained build operations Thread 20" [_thread_blocked, id=4808, stack(0x0000005ea6000000,0x0000005ea6100000)]
  0x000001dcacfeb000 JavaThread "Unconstrained build operations Thread 21" [_thread_blocked, id=13192, stack(0x0000005ea6100000,0x0000005ea6200000)]
  0x000001dcaf72b800 JavaThread "Unconstrained build operations Thread 22" [_thread_blocked, id=22816, stack(0x0000005ea6200000,0x0000005ea6300000)]
  0x000001dcaf733800 JavaThread "Unconstrained build operations Thread 23" [_thread_blocked, id=4620, stack(0x0000005ea6300000,0x0000005ea6400000)]
  0x000001dcaf72d800 JavaThread "Unconstrained build operations Thread 24" [_thread_blocked, id=4796, stack(0x0000005ea6400000,0x0000005ea6500000)]
  0x000001dcaf738800 JavaThread "Unconstrained build operations Thread 25" [_thread_blocked, id=6360, stack(0x0000005ea6500000,0x0000005ea6600000)]
  0x000001dcaf735000 JavaThread "Unconstrained build operations Thread 26" [_thread_blocked, id=12972, stack(0x0000005ea6800000,0x0000005ea6900000)]
  0x000001dcaf73a000 JavaThread "Cache worker for Build Output Cleanup Cache (E:\Project\App\HobbyHub\android\.gradle\buildOutputCleanup)" [_thread_blocked, id=4908, stack(0x0000005ea6a00000,0x0000005ea6b00000)]
  0x000001dcaf736000 JavaThread "included builds" [_thread_blocked, id=24128, stack(0x0000005ea4b00000,0x0000005ea4c00000)]
  0x000001dcaf736800 JavaThread "Execution worker" [_thread_blocked, id=17520, stack(0x0000005ea6b00000,0x0000005ea6c00000)]
  0x000001dcaf739000 JavaThread "Execution worker Thread 2" [_thread_blocked, id=14088, stack(0x0000005ea6c00000,0x0000005ea6d00000)]
  0x000001dcace88000 JavaThread "Execution worker Thread 3" [_thread_blocked, id=22612, stack(0x0000005ea6d00000,0x0000005ea6e00000)]
  0x000001dcace89000 JavaThread "Cache worker for execution history cache (E:\Project\App\HobbyHub\node_modules\@react-native\gradle-plugin\.gradle\8.0.1\executionHistory)" [_thread_blocked, id=23524, stack(0x0000005ea6e00000,0x0000005ea6f00000)]
  0x000001dcace8a800 JavaThread "Unconstrained build operations Thread 27" [_thread_blocked, id=12440, stack(0x0000005ea6f00000,0x0000005ea7000000)]
  0x000001dcb1301000 JavaThread "Unconstrained build operations Thread 28" [_thread_blocked, id=3016, stack(0x0000005ea7000000,0x0000005ea7100000)]
  0x000001dcb1300000 JavaThread "Unconstrained build operations Thread 29" [_thread_blocked, id=1160, stack(0x0000005ea7100000,0x0000005ea7200000)]
  0x000001dcb12fb800 JavaThread "Unconstrained build operations Thread 30" [_thread_blocked, id=18772, stack(0x0000005ea7200000,0x0000005ea7300000)]
  0x000001dcb1302000 JavaThread "Unconstrained build operations Thread 31" [_thread_blocked, id=9416, stack(0x0000005ea7300000,0x0000005ea7400000)]
  0x000001dcb12fd000 JavaThread "Unconstrained build operations Thread 32" [_thread_blocked, id=18120, stack(0x0000005ea7400000,0x0000005ea7500000)]
  0x000001dcb12fe800 JavaThread "Unconstrained build operations Thread 33" [_thread_blocked, id=20968, stack(0x0000005ea7500000,0x0000005ea7600000)]
  0x000001dcb12fc000 JavaThread "Unconstrained build operations Thread 34" [_thread_blocked, id=15080, stack(0x0000005ea7600000,0x0000005ea7700000)]
  0x000001dcb12fd800 JavaThread "Unconstrained build operations Thread 35" [_thread_blocked, id=3788, stack(0x0000005ea7700000,0x0000005ea7800000)]
  0x000001dcb1305000 JavaThread "Unconstrained build operations Thread 36" [_thread_blocked, id=16280, stack(0x0000005ea7800000,0x0000005ea7900000)]
  0x000001dcb12ff800 JavaThread "Unconstrained build operations Thread 37" [_thread_blocked, id=22912, stack(0x0000005ea7900000,0x0000005ea7a00000)]
  0x000001dcb1304800 JavaThread "Unconstrained build operations Thread 38" [_thread_blocked, id=18504, stack(0x0000005ea7a00000,0x0000005ea7b00000)]
  0x000001dcb1303800 JavaThread "Unconstrained build operations Thread 39" [_thread_blocked, id=19632, stack(0x0000005ea7b00000,0x0000005ea7c00000)]
  0x000001dcb1302800 JavaThread "Unconstrained build operations Thread 40" [_thread_blocked, id=2728, stack(0x0000005ea7e00000,0x0000005ea7f00000)]
  0x000001dcb1306800 JavaThread "Cache worker for execution history cache (E:\Project\App\HobbyHub\android\.gradle\8.0.1\executionHistory)" [_thread_blocked, id=22184, stack(0x0000005ea1a00000,0x0000005ea1b00000)]
  0x000001dcb1308800 JavaThread "Cache worker for Java compile cache (C:\Users\dobao\.gradle\caches\8.0.1\javaCompile)" [_thread_blocked, id=8256, stack(0x0000005ea1b00000,0x0000005ea1c00000)]
  0x000001dcb1309000 JavaThread "Build operations" [_thread_blocked, id=3252, stack(0x0000005ea7f00000,0x0000005ea8000000)]
  0x000001dcb67d4800 JavaThread "Build operations Thread 2" [_thread_blocked, id=14504, stack(0x0000005ea8000000,0x0000005ea8100000)]
  0x000001dcb67d3000 JavaThread "Build operations Thread 3" [_thread_blocked, id=17772, stack(0x0000005ea8100000,0x0000005ea8200000)]
  0x000001dcb67d3800 JavaThread "Build operations Thread 4" [_thread_blocked, id=20424, stack(0x0000005ea8200000,0x0000005ea8300000)]
  0x000001dcb67d7000 JavaThread "WorkerExecutor Queue" [_thread_blocked, id=21136, stack(0x0000005ea8300000,0x0000005ea8400000)]
  0x000001dcb67d1000 JavaThread "WorkerExecutor Queue Thread 2" [_thread_in_native, id=8596, stack(0x0000005ea8400000,0x0000005ea8500000)]
  0x000001dcb67d2000 JavaThread "WorkerExecutor Queue Thread 3" [_thread_blocked, id=21968, stack(0x0000005ea8500000,0x0000005ea8600000)]
  0x000001dcb67d8800 JavaThread "WorkerExecutor Queue Thread 4" [_thread_blocked, id=23808, stack(0x0000005ea8600000,0x0000005ea8700000)]
  0x000001dcb67dc000 JavaThread "RMI Scheduler(0)" daemon [_thread_blocked, id=6496, stack(0x0000005ea8700000,0x0000005ea8800000)]
  0x000001dcb67d9800 JavaThread "RMI RenewClean-[127.0.0.1:17826,org.jetbrains.kotlin.daemon.common.LoopbackNetworkInterface$ClientLoopbackSocketFactory@22a7e82f]" daemon [_thread_blocked, id=4696, stack(0x0000005ea8800000,0x0000005ea8900000)]
  0x000001dcbe0b1800 JavaThread "RMI GC Daemon" daemon [_thread_blocked, id=15164, stack(0x0000005ea8900000,0x0000005ea8a00000)]
  0x000001dcbe0b4000 JavaThread "RMI TCP Accept-0" daemon [_thread_in_native, id=16752, stack(0x0000005ea8a00000,0x0000005ea8b00000)]
  0x000001dcbe0b3800 JavaThread "RMI Reaper" [_thread_blocked, id=24572, stack(0x0000005ea8b00000,0x0000005ea8c00000)]
  0x000001dcbe0b2800 JavaThread "RMI TCP Connection(idle)" daemon [_thread_blocked, id=19112, stack(0x0000005ea8c00000,0x0000005ea8d00000)]

Other Threads:
=>0x000001dca950a800 VMThread "VM Thread" [stack: 0x0000005ea2200000,0x0000005ea2300000] [id=7304]
  0x000001dca9f6a000 WatcherThread [stack: 0x0000005ea2c00000,0x0000005ea2d00000] [id=15756]
  0x000001dc8bd67000 GCTaskThread "GC Thread#0" [stack: 0x0000005ea1d00000,0x0000005ea1e00000] [id=15332]
  0x000001dcaa11e800 GCTaskThread "GC Thread#1" [stack: 0x0000005ea2e00000,0x0000005ea2f00000] [id=1212]
  0x000001dcaa6cb000 GCTaskThread "GC Thread#2" [stack: 0x0000005ea2f00000,0x0000005ea3000000] [id=12388]
  0x000001dcaa7bb800 GCTaskThread "GC Thread#3" [stack: 0x0000005ea3000000,0x0000005ea3100000] [id=22988]
  0x000001dc8bd97000 ConcurrentGCThread "G1 Main Marker" [stack: 0x0000005ea1e00000,0x0000005ea1f00000] [id=14004]
  0x000001dc8bd98800 ConcurrentGCThread "G1 Conc#0" [stack: 0x0000005ea1f00000,0x0000005ea2000000] [id=21604]
  0x000001dc8bdfe000 ConcurrentGCThread "G1 Refine#0" [stack: 0x0000005ea2000000,0x0000005ea2100000] [id=14132]
  0x000001dca9394800 ConcurrentGCThread "G1 Young RemSet Sampling" [stack: 0x0000005ea2100000,0x0000005ea2200000] [id=12656]

Threads with active compile tasks:
C2 CompilerThread0   129295 26834       4       java.util.TimSort::mergeHi (732 bytes)

VM state:at safepoint (normal execution)

VM Mutex/Monitor currently owned by a thread:  ([mutex/lock_event])
[0x000001dc8bd4ef20] Threads_lock - owner thread: 0x000001dca950a800
[0x000001dc8bd4ea10] Heap_lock - owner thread: 0x000001dcace88000

Heap address: 0x0000000080000000, size: 2048 MB, Compressed Oops mode: 32-bit
Narrow klass base: 0x0000000000000000, Narrow klass shift: 3
Compressed class space size: 528482304 Address: 0x0000000100000000

Heap:
 garbage-first heap   total 404480K, used 237625K [0x0000000080000000, 0x0000000100000000)
  region size 1024K, 1 young (1024K), 1 survivors (1024K)
 Metaspace       used 149668K, capacity 155220K, committed 155484K, reserved 651264K
  class space    used 19489K, capacity 21635K, committed 21784K, reserved 516096K
Heap Regions: E=young(eden), S=young(survivor), O=old, HS=humongous(starts), HC=humongous(continues), CS=collection set, F=free, A=archive, TAMS=top-at-mark-start (previous, next)
|   0|0x0000000080000000, 0x0000000080100000, 0x0000000080100000|100%| O|  |TAMS 0x0000000080100000, 0x0000000080000000| Untracked 
|   1|0x0000000080100000, 0x0000000080200000, 0x0000000080200000|100%| O|  |TAMS 0x0000000080200000, 0x0000000080100000| Untracked 
|   2|0x0000000080200000, 0x0000000080300000, 0x0000000080300000|100%| O|  |TAMS 0x0000000080300000, 0x0000000080200000| Untracked 
|   3|0x0000000080300000, 0x0000000080400000, 0x0000000080400000|100%|HS|  |TAMS 0x0000000080400000, 0x0000000080300000| Complete 
|   4|0x0000000080400000, 0x0000000080500000, 0x0000000080500000|100%|HC|  |TAMS 0x0000000080500000, 0x0000000080400000| Complete 
|   5|0x0000000080500000, 0x0000000080600000, 0x0000000080600000|100%|HC|  |TAMS 0x0000000080600000, 0x0000000080500000| Complete 
|   6|0x0000000080600000, 0x0000000080700000, 0x0000000080700000|100%|HC|  |TAMS 0x0000000080700000, 0x0000000080600000| Complete 
|   7|0x0000000080700000, 0x0000000080800000, 0x0000000080800000|100%| O|  |TAMS 0x0000000080800000, 0x0000000080700000| Untracked 
|   8|0x0000000080800000, 0x0000000080900000, 0x0000000080900000|100%| O|  |TAMS 0x0000000080900000, 0x0000000080800000| Untracked 
|   9|0x0000000080900000, 0x0000000080a00000, 0x0000000080a00000|100%| O|  |TAMS 0x0000000080a00000, 0x0000000080900000| Untracked 
|  10|0x0000000080a00000, 0x0000000080b00000, 0x0000000080b00000|100%| O|  |TAMS 0x0000000080b00000, 0x0000000080a00000| Untracked 
|  11|0x0000000080b00000, 0x0000000080c00000, 0x0000000080c00000|100%| O|  |TAMS 0x0000000080c00000, 0x0000000080b00000| Untracked 
|  12|0x0000000080c00000, 0x0000000080d00000, 0x0000000080d00000|100%| O|  |TAMS 0x0000000080d00000, 0x0000000080c00000| Untracked 
|  13|0x0000000080d00000, 0x0000000080e00000, 0x0000000080e00000|100%| O|  |TAMS 0x0000000080e00000, 0x0000000080d00000| Untracked 
|  14|0x0000000080e00000, 0x0000000080f00000, 0x0000000080f00000|100%| O|  |TAMS 0x0000000080f00000, 0x0000000080e00000| Untracked 
|  15|0x0000000080f00000, 0x0000000081000000, 0x0000000081000000|100%| O|  |TAMS 0x0000000081000000, 0x0000000080f00000| Untracked 
|  16|0x0000000081000000, 0x0000000081100000, 0x0000000081100000|100%| O|  |TAMS 0x0000000081100000, 0x0000000081000000| Untracked 
|  17|0x0000000081100000, 0x0000000081200000, 0x0000000081200000|100%| O|  |TAMS 0x0000000081200000, 0x0000000081100000| Untracked 
|  18|0x0000000081200000, 0x0000000081300000, 0x0000000081300000|100%| O|  |TAMS 0x0000000081300000, 0x0000000081200000| Untracked 
|  19|0x0000000081300000, 0x0000000081400000, 0x0000000081400000|100%| O|  |TAMS 0x0000000081400000, 0x0000000081300000| Untracked 
|  20|0x0000000081400000, 0x0000000081500000, 0x0000000081500000|100%| O|  |TAMS 0x0000000081500000, 0x0000000081400000| Complete 
|  21|0x0000000081500000, 0x0000000081600000, 0x0000000081600000|100%| O|  |TAMS 0x0000000081600000, 0x0000000081500000| Complete 
|  22|0x0000000081600000, 0x0000000081700000, 0x0000000081700000|100%| O|  |TAMS 0x0000000081700000, 0x0000000081600000| Untracked 
|  23|0x0000000081700000, 0x0000000081800000, 0x0000000081800000|100%| O|  |TAMS 0x0000000081800000, 0x0000000081700000| Untracked 
|  24|0x0000000081800000, 0x0000000081900000, 0x0000000081900000|100%| O|  |TAMS 0x0000000081900000, 0x0000000081800000| Untracked 
|  25|0x0000000081900000, 0x0000000081a00000, 0x0000000081a00000|100%| O|  |TAMS 0x0000000081a00000, 0x0000000081900000| Complete 
|  26|0x0000000081a00000, 0x0000000081b00000, 0x0000000081b00000|100%|HS|  |TAMS 0x0000000081b00000, 0x0000000081a00000| Complete 
|  27|0x0000000081b00000, 0x0000000081c00000, 0x0000000081c00000|100%|HC|  |TAMS 0x0000000081c00000, 0x0000000081b00000| Complete 
|  28|0x0000000081c00000, 0x0000000081d00000, 0x0000000081d00000|100%|HS|  |TAMS 0x0000000081d00000, 0x0000000081c00000| Complete 
|  29|0x0000000081d00000, 0x0000000081e00000, 0x0000000081e00000|100%|HC|  |TAMS 0x0000000081e00000, 0x0000000081d00000| Complete 
|  30|0x0000000081e00000, 0x0000000081f00000, 0x0000000081f00000|100%|HC|  |TAMS 0x0000000081f00000, 0x0000000081e00000| Complete 
|  31|0x0000000081f00000, 0x0000000082000000, 0x0000000082000000|100%|HC|  |TAMS 0x0000000082000000, 0x0000000081f00000| Complete 
|  32|0x0000000082000000, 0x0000000082100000, 0x0000000082100000|100%| O|  |TAMS 0x0000000082100000, 0x0000000082000000| Untracked 
|  33|0x0000000082100000, 0x0000000082200000, 0x0000000082200000|100%| O|  |TAMS 0x0000000082200000, 0x0000000082100000| Complete 
|  34|0x0000000082200000, 0x0000000082200000, 0x0000000082300000|  0%| F|  |TAMS 0x0000000082200000, 0x0000000082200000| Untracked 
|  35|0x0000000082300000, 0x0000000082400000, 0x0000000082400000|100%| O|  |TAMS 0x0000000082400000, 0x0000000082300000| Untracked 
|  36|0x0000000082400000, 0x0000000082500000, 0x0000000082500000|100%| O|  |TAMS 0x0000000082500000, 0x0000000082400000| Complete 
|  37|0x0000000082500000, 0x0000000082600000, 0x0000000082600000|100%| O|  |TAMS 0x0000000082600000, 0x0000000082500000| Untracked 
|  38|0x0000000082600000, 0x0000000082700000, 0x0000000082700000|100%| O|  |TAMS 0x0000000082700000, 0x0000000082600000| Untracked 
|  39|0x0000000082700000, 0x0000000082800000, 0x0000000082800000|100%| O|  |TAMS 0x0000000082800000, 0x0000000082700000| Complete 
|  40|0x0000000082800000, 0x0000000082900000, 0x0000000082900000|100%| O|  |TAMS 0x0000000082900000, 0x0000000082800000| Untracked 
|  41|0x0000000082900000, 0x0000000082a00000, 0x0000000082a00000|100%| O|  |TAMS 0x0000000082a00000, 0x0000000082900000| Untracked 
|  42|0x0000000082a00000, 0x0000000082b00000, 0x0000000082b00000|100%| O|  |TAMS 0x0000000082b00000, 0x0000000082a00000| Untracked 
|  43|0x0000000082b00000, 0x0000000082c00000, 0x0000000082c00000|100%| O|  |TAMS 0x0000000082c00000, 0x0000000082b00000| Untracked 
|  44|0x0000000082c00000, 0x0000000082d00000, 0x0000000082d00000|100%| O|  |TAMS 0x0000000082c00000, 0x0000000082c00000| Untracked 
|  45|0x0000000082d00000, 0x0000000082d00000, 0x0000000082e00000|  0%| F|  |TAMS 0x0000000082d00000, 0x0000000082d00000| Untracked 
|  46|0x0000000082e00000, 0x0000000082f00000, 0x0000000082f00000|100%| O|  |TAMS 0x0000000082f00000, 0x0000000082e00000| Complete 
|  47|0x0000000082f00000, 0x0000000083000000, 0x0000000083000000|100%| O|  |TAMS 0x0000000083000000, 0x0000000082f00000| Complete 
|  48|0x0000000083000000, 0x0000000083100000, 0x0000000083100000|100%|HS|  |TAMS 0x0000000083100000, 0x0000000083000000| Complete 
|  49|0x0000000083100000, 0x0000000083200000, 0x0000000083200000|100%|HS|  |TAMS 0x0000000083200000, 0x0000000083100000| Complete 
|  50|0x0000000083200000, 0x0000000083300000, 0x0000000083300000|100%| O|  |TAMS 0x0000000083300000, 0x0000000083200000| Complete 
|  51|0x0000000083300000, 0x0000000083400000, 0x0000000083400000|100%| O|  |TAMS 0x0000000083400000, 0x0000000083300000| Complete 
|  52|0x0000000083400000, 0x0000000083500000, 0x0000000083500000|100%| O|  |TAMS 0x0000000083500000, 0x0000000083400000| Untracked 
|  53|0x0000000083500000, 0x0000000083600000, 0x0000000083600000|100%| O|  |TAMS 0x0000000083600000, 0x0000000083500000| Untracked 
|  54|0x0000000083600000, 0x0000000083700000, 0x0000000083700000|100%| O|  |TAMS 0x0000000083700000, 0x0000000083600000| Untracked 
|  55|0x0000000083700000, 0x0000000083800000, 0x0000000083800000|100%| O|  |TAMS 0x0000000083800000, 0x0000000083700000| Untracked 
|  56|0x0000000083800000, 0x0000000083900000, 0x0000000083900000|100%| O|  |TAMS 0x0000000083900000, 0x0000000083800000| Untracked 
|  57|0x0000000083900000, 0x0000000083a00000, 0x0000000083a00000|100%| O|  |TAMS 0x0000000083a00000, 0x0000000083900000| Untracked 
|  58|0x0000000083a00000, 0x0000000083b00000, 0x0000000083b00000|100%| O|  |TAMS 0x0000000083b00000, 0x0000000083a00000| Untracked 
|  59|0x0000000083b00000, 0x0000000083c00000, 0x0000000083c00000|100%| O|  |TAMS 0x0000000083c00000, 0x0000000083b00000| Complete 
|  60|0x0000000083c00000, 0x0000000083d00000, 0x0000000083d00000|100%| O|  |TAMS 0x0000000083d00000, 0x0000000083c00000| Untracked 
|  61|0x0000000083d00000, 0x0000000083e00000, 0x0000000083e00000|100%| O|  |TAMS 0x0000000083e00000, 0x0000000083d00000| Complete 
|  62|0x0000000083e00000, 0x0000000083f00000, 0x0000000083f00000|100%| O|  |TAMS 0x0000000083f00000, 0x0000000083e00000| Complete 
|  63|0x0000000083f00000, 0x0000000084000000, 0x0000000084000000|100%| O|  |TAMS 0x0000000084000000, 0x0000000083f00000| Untracked 
|  64|0x0000000084000000, 0x0000000084100000, 0x0000000084100000|100%| O|  |TAMS 0x0000000084100000, 0x0000000084000000| Complete 
|  65|0x0000000084100000, 0x0000000084200000, 0x0000000084200000|100%| O|  |TAMS 0x0000000084200000, 0x0000000084100000| Complete 
|  66|0x0000000084200000, 0x0000000084300000, 0x0000000084300000|100%| O|  |TAMS 0x0000000084300000, 0x0000000084200000| Untracked 
|  67|0x0000000084300000, 0x0000000084400000, 0x0000000084400000|100%| O|  |TAMS 0x0000000084400000, 0x0000000084300000| Complete 
|  68|0x0000000084400000, 0x0000000084500000, 0x0000000084500000|100%| O|  |TAMS 0x0000000084500000, 0x0000000084400000| Untracked 
|  69|0x0000000084500000, 0x0000000084600000, 0x0000000084600000|100%| O|  |TAMS 0x0000000084600000, 0x0000000084500000| Untracked 
|  70|0x0000000084600000, 0x000000008465e200, 0x0000000084700000| 36%| O|  |TAMS 0x0000000084600000, 0x0000000084600000| Untracked 
|  71|0x0000000084700000, 0x0000000084800000, 0x0000000084800000|100%| O|  |TAMS 0x0000000084800000, 0x0000000084700000| Complete 
|  72|0x0000000084800000, 0x0000000084900000, 0x0000000084900000|100%| O|  |TAMS 0x0000000084900000, 0x0000000084800000| Untracked 
|  73|0x0000000084900000, 0x0000000084a00000, 0x0000000084a00000|100%| O|  |TAMS 0x0000000084a00000, 0x0000000084900000| Complete 
|  74|0x0000000084a00000, 0x0000000084b00000, 0x0000000084b00000|100%|HS|  |TAMS 0x0000000084b00000, 0x0000000084a00000| Complete 
|  75|0x0000000084b00000, 0x0000000084c00000, 0x0000000084c00000|100%|HS|  |TAMS 0x0000000084c00000, 0x0000000084b00000| Complete 
|  76|0x0000000084c00000, 0x0000000084d00000, 0x0000000084d00000|100%|HS|  |TAMS 0x0000000084d00000, 0x0000000084c00000| Complete 
|  77|0x0000000084d00000, 0x0000000084e00000, 0x0000000084e00000|100%|HC|  |TAMS 0x0000000084e00000, 0x0000000084d00000| Complete 
|  78|0x0000000084e00000, 0x0000000084f00000, 0x0000000084f00000|100%|HC|  |TAMS 0x0000000084f00000, 0x0000000084e00000| Complete 
|  79|0x0000000084f00000, 0x0000000085000000, 0x0000000085000000|100%|HS|  |TAMS 0x0000000085000000, 0x0000000084f00000| Complete 
|  80|0x0000000085000000, 0x0000000085100000, 0x0000000085100000|100%|HC|  |TAMS 0x0000000085100000, 0x0000000085000000| Complete 
|  81|0x0000000085100000, 0x0000000085200000, 0x0000000085200000|100%| O|  |TAMS 0x0000000085200000, 0x0000000085100000| Untracked 
|  82|0x0000000085200000, 0x0000000085300000, 0x0000000085300000|100%| O|  |TAMS 0x0000000085300000, 0x0000000085200000| Untracked 
|  83|0x0000000085300000, 0x0000000085400000, 0x0000000085400000|100%| O|  |TAMS 0x0000000085400000, 0x0000000085300000| Untracked 
|  84|0x0000000085400000, 0x0000000085500000, 0x0000000085500000|100%| O|  |TAMS 0x0000000085500000, 0x0000000085400000| Untracked 
|  85|0x0000000085500000, 0x0000000085500000, 0x0000000085600000|  0%| F|  |TAMS 0x0000000085500000, 0x0000000085500000| Untracked 
|  86|0x0000000085600000, 0x0000000085700000, 0x0000000085700000|100%| O|  |TAMS 0x0000000085700000, 0x0000000085600000| Untracked 
|  87|0x0000000085700000, 0x0000000085800000, 0x0000000085800000|100%| O|  |TAMS 0x0000000085800000, 0x0000000085700000| Complete 
|  88|0x0000000085800000, 0x0000000085900000, 0x0000000085900000|100%| O|  |TAMS 0x0000000085900000, 0x0000000085800000| Untracked 
|  89|0x0000000085900000, 0x0000000085a00000, 0x0000000085a00000|100%| O|  |TAMS 0x0000000085a00000, 0x0000000085900000| Untracked 
|  90|0x0000000085a00000, 0x0000000085b00000, 0x0000000085b00000|100%| O|  |TAMS 0x0000000085b00000, 0x0000000085a00000| Complete 
|  91|0x0000000085b00000, 0x0000000085c00000, 0x0000000085c00000|100%| O|  |TAMS 0x0000000085c00000, 0x0000000085b00000| Untracked 
|  92|0x0000000085c00000, 0x0000000085d00000, 0x0000000085d00000|100%| O|  |TAMS 0x0000000085d00000, 0x0000000085c00000| Complete 
|  93|0x0000000085d00000, 0x0000000085e00000, 0x0000000085e00000|100%| O|  |TAMS 0x0000000085e00000, 0x0000000085d00000| Untracked 
|  94|0x0000000085e00000, 0x0000000085f00000, 0x0000000085f00000|100%| O|  |TAMS 0x0000000085f00000, 0x0000000085e00000| Untracked 
|  95|0x0000000085f00000, 0x0000000086000000, 0x0000000086000000|100%| O|  |TAMS 0x0000000086000000, 0x0000000085f00000| Untracked 
|  96|0x0000000086000000, 0x0000000086100000, 0x0000000086100000|100%| O|  |TAMS 0x0000000086100000, 0x0000000086000000| Untracked 
|  97|0x0000000086100000, 0x0000000086200000, 0x0000000086200000|100%| O|  |TAMS 0x0000000086200000, 0x0000000086100000| Untracked 
|  98|0x0000000086200000, 0x0000000086200000, 0x0000000086300000|  0%| F|  |TAMS 0x0000000086200000, 0x0000000086200000| Untracked 
|  99|0x0000000086300000, 0x0000000086400000, 0x0000000086400000|100%| O|  |TAMS 0x0000000086400000, 0x0000000086300000| Untracked 
| 100|0x0000000086400000, 0x0000000086500000, 0x0000000086500000|100%| O|  |TAMS 0x0000000086500000, 0x0000000086400000| Untracked 
| 101|0x0000000086500000, 0x0000000086600000, 0x0000000086600000|100%|HS|  |TAMS 0x0000000086600000, 0x0000000086500000| Complete 
| 102|0x0000000086600000, 0x0000000086700000, 0x0000000086700000|100%|HS|  |TAMS 0x0000000086700000, 0x0000000086600000| Complete 
| 103|0x0000000086700000, 0x0000000086800000, 0x0000000086800000|100%|HS|  |TAMS 0x0000000086800000, 0x0000000086700000| Complete 
| 104|0x0000000086800000, 0x0000000086900000, 0x0000000086900000|100%|HS|  |TAMS 0x0000000086900000, 0x0000000086800000| Complete 
| 105|0x0000000086900000, 0x0000000086a00000, 0x0000000086a00000|100%|HC|  |TAMS 0x0000000086a00000, 0x0000000086900000| Complete 
| 106|0x0000000086a00000, 0x0000000086b00000, 0x0000000086b00000|100%|HC|  |TAMS 0x0000000086b00000, 0x0000000086a00000| Complete 
| 107|0x0000000086b00000, 0x0000000086c00000, 0x0000000086c00000|100%| O|  |TAMS 0x0000000086b00000, 0x0000000086b00000| Untracked 
| 108|0x0000000086c00000, 0x0000000086d00000, 0x0000000086d00000|100%| O|  |TAMS 0x0000000086d00000, 0x0000000086c00000| Untracked 
| 109|0x0000000086d00000, 0x0000000086e00000, 0x0000000086e00000|100%| O|  |TAMS 0x0000000086e00000, 0x0000000086d00000| Untracked 
| 110|0x0000000086e00000, 0x0000000086f00000, 0x0000000086f00000|100%| O|  |TAMS 0x0000000086f00000, 0x0000000086e00000| Untracked 
| 111|0x0000000086f00000, 0x0000000087000000, 0x0000000087000000|100%| O|  |TAMS 0x0000000087000000, 0x0000000086f00000| Untracked 
| 112|0x0000000087000000, 0x0000000087000000, 0x0000000087100000|  0%| F|  |TAMS 0x0000000087000000, 0x0000000087000000| Untracked 
| 113|0x0000000087100000, 0x0000000087200000, 0x0000000087200000|100%| O|  |TAMS 0x0000000087200000, 0x0000000087100000| Complete 
| 114|0x0000000087200000, 0x0000000087300000, 0x0000000087300000|100%| O|  |TAMS 0x0000000087300000, 0x0000000087200000| Untracked 
| 115|0x0000000087300000, 0x0000000087400000, 0x0000000087400000|100%| O|  |TAMS 0x0000000087400000, 0x0000000087300000| Untracked 
| 116|0x0000000087400000, 0x0000000087500000, 0x0000000087500000|100%| O|  |TAMS 0x0000000087500000, 0x0000000087400000| Untracked 
| 117|0x0000000087500000, 0x0000000087600000, 0x0000000087600000|100%| O|  |TAMS 0x0000000087600000, 0x0000000087500000| Complete 
| 118|0x0000000087600000, 0x0000000087700000, 0x0000000087700000|100%|HS|  |TAMS 0x0000000087700000, 0x0000000087600000| Complete 
| 119|0x0000000087700000, 0x0000000087800000, 0x0000000087800000|100%|HS|  |TAMS 0x0000000087800000, 0x0000000087700000| Complete 
| 120|0x0000000087800000, 0x0000000087900000, 0x0000000087900000|100%|HC|  |TAMS 0x0000000087900000, 0x0000000087800000| Complete 
| 121|0x0000000087900000, 0x0000000087a00000, 0x0000000087a00000|100%|HC|  |TAMS 0x0000000087a00000, 0x0000000087900000| Complete 
| 122|0x0000000087a00000, 0x0000000087b00000, 0x0000000087b00000|100%| O|  |TAMS 0x0000000087b00000, 0x0000000087a00000| Untracked 
| 123|0x0000000087b00000, 0x0000000087b00000, 0x0000000087c00000|  0%| F|  |TAMS 0x0000000087b00000, 0x0000000087b00000| Untracked 
| 124|0x0000000087c00000, 0x0000000087d00000, 0x0000000087d00000|100%| O|  |TAMS 0x0000000087d00000, 0x0000000087c00000| Untracked 
| 125|0x0000000087d00000, 0x0000000087e00000, 0x0000000087e00000|100%| O|  |TAMS 0x0000000087e00000, 0x0000000087d00000| Untracked 
| 126|0x0000000087e00000, 0x0000000087f00000, 0x0000000087f00000|100%| O|  |TAMS 0x0000000087f00000, 0x0000000087e00000| Untracked 
| 127|0x0000000087f00000, 0x0000000088000000, 0x0000000088000000|100%| O|  |TAMS 0x0000000087f00000, 0x0000000087f00000| Untracked 
| 128|0x0000000088000000, 0x0000000088100000, 0x0000000088100000|100%| O|  |TAMS 0x0000000088100000, 0x0000000088000000| Untracked 
| 129|0x0000000088100000, 0x0000000088200000, 0x0000000088200000|100%| O|  |TAMS 0x0000000088200000, 0x0000000088100000| Untracked 
| 130|0x0000000088200000, 0x0000000088300000, 0x0000000088300000|100%| O|  |TAMS 0x0000000088300000, 0x0000000088200000| Complete 
| 131|0x0000000088300000, 0x0000000088400000, 0x0000000088400000|100%| O|  |TAMS 0x0000000088400000, 0x0000000088300000| Complete 
| 132|0x0000000088400000, 0x0000000088500000, 0x0000000088500000|100%| O|  |TAMS 0x0000000088500000, 0x0000000088400000| Untracked 
| 133|0x0000000088500000, 0x0000000088600000, 0x0000000088600000|100%| O|  |TAMS 0x0000000088600000, 0x0000000088500000| Untracked 
| 134|0x0000000088600000, 0x0000000088700000, 0x0000000088700000|100%| O|  |TAMS 0x0000000088700000, 0x0000000088600000| Complete 
| 135|0x0000000088700000, 0x0000000088800000, 0x0000000088800000|100%| O|  |TAMS 0x0000000088800000, 0x0000000088700000| Complete 
| 136|0x0000000088800000, 0x0000000088900000, 0x0000000088900000|100%| O|  |TAMS 0x0000000088900000, 0x0000000088800000| Untracked 
| 137|0x0000000088900000, 0x0000000088a00000, 0x0000000088a00000|100%| O|  |TAMS 0x0000000088a00000, 0x0000000088900000| Untracked 
| 138|0x0000000088a00000, 0x0000000088b00000, 0x0000000088b00000|100%| O|  |TAMS 0x0000000088b00000, 0x0000000088a00000| Untracked 
| 139|0x0000000088b00000, 0x0000000088c00000, 0x0000000088c00000|100%| O|  |TAMS 0x0000000088c00000, 0x0000000088b00000| Complete 
| 140|0x0000000088c00000, 0x0000000088d00000, 0x0000000088d00000|100%| O|  |TAMS 0x0000000088d00000, 0x0000000088c00000| Untracked 
| 141|0x0000000088d00000, 0x0000000088e00000, 0x0000000088e00000|100%| O|  |TAMS 0x0000000088e00000, 0x0000000088d00000| Untracked 
| 142|0x0000000088e00000, 0x0000000088f00000, 0x0000000088f00000|100%| O|  |TAMS 0x0000000088f00000, 0x0000000088e00000| Complete 
| 143|0x0000000088f00000, 0x0000000089000000, 0x0000000089000000|100%| O|  |TAMS 0x0000000089000000, 0x0000000088f00000| Untracked 
| 144|0x0000000089000000, 0x0000000089100000, 0x0000000089100000|100%| O|  |TAMS 0x0000000089100000, 0x0000000089000000| Complete 
| 145|0x0000000089100000, 0x0000000089200000, 0x0000000089200000|100%| O|  |TAMS 0x0000000089200000, 0x0000000089100000| Complete 
| 146|0x0000000089200000, 0x0000000089300000, 0x0000000089300000|100%| O|  |TAMS 0x0000000089300000, 0x0000000089200000| Complete 
| 147|0x0000000089300000, 0x0000000089400000, 0x0000000089400000|100%| O|  |TAMS 0x0000000089400000, 0x0000000089300000| Complete 
| 148|0x0000000089400000, 0x0000000089500000, 0x0000000089500000|100%| O|  |TAMS 0x0000000089500000, 0x0000000089400000| Untracked 
| 149|0x0000000089500000, 0x0000000089600000, 0x0000000089600000|100%| O|  |TAMS 0x0000000089600000, 0x0000000089500000| Untracked 
| 150|0x0000000089600000, 0x0000000089600000, 0x0000000089700000|  0%| F|  |TAMS 0x0000000089600000, 0x0000000089600000| Untracked 
| 151|0x0000000089700000, 0x0000000089800000, 0x0000000089800000|100%| O|  |TAMS 0x0000000089800000, 0x0000000089700000| Untracked 
| 152|0x0000000089800000, 0x0000000089900000, 0x0000000089900000|100%| O|  |TAMS 0x0000000089900000, 0x0000000089800000| Untracked 
| 153|0x0000000089900000, 0x0000000089a00000, 0x0000000089a00000|100%| O|  |TAMS 0x0000000089a00000, 0x0000000089900000| Untracked 
| 154|0x0000000089a00000, 0x0000000089b00000, 0x0000000089b00000|100%| O|  |TAMS 0x0000000089b00000, 0x0000000089a00000| Untracked 
| 155|0x0000000089b00000, 0x0000000089c00000, 0x0000000089c00000|100%| O|  |TAMS 0x0000000089c00000, 0x0000000089b00000| Complete 
| 156|0x0000000089c00000, 0x0000000089d00000, 0x0000000089d00000|100%| O|  |TAMS 0x0000000089d00000, 0x0000000089c00000| Untracked 
| 157|0x0000000089d00000, 0x0000000089e00000, 0x0000000089e00000|100%| O|  |TAMS 0x0000000089e00000, 0x0000000089d00000| Untracked 
| 158|0x0000000089e00000, 0x0000000089f00000, 0x0000000089f00000|100%| O|  |TAMS 0x0000000089f00000, 0x0000000089e00000| Untracked 
| 159|0x0000000089f00000, 0x000000008a000000, 0x000000008a000000|100%| O|  |TAMS 0x000000008a000000, 0x0000000089f00000| Untracked 
| 160|0x000000008a000000, 0x000000008a100000, 0x000000008a100000|100%| O|  |TAMS 0x000000008a100000, 0x000000008a000000| Untracked 
| 161|0x000000008a100000, 0x000000008a100000, 0x000000008a200000|  0%| F|  |TAMS 0x000000008a100000, 0x000000008a100000| Untracked 
| 162|0x000000008a200000, 0x000000008a200000, 0x000000008a300000|  0%| F|  |TAMS 0x000000008a200000, 0x000000008a200000| Untracked 
| 163|0x000000008a300000, 0x000000008a400000, 0x000000008a400000|100%| O|  |TAMS 0x000000008a400000, 0x000000008a300000| Complete 
| 164|0x000000008a400000, 0x000000008a500000, 0x000000008a500000|100%| O|  |TAMS 0x000000008a500000, 0x000000008a400000| Complete 
| 165|0x000000008a500000, 0x000000008a600000, 0x000000008a600000|100%| O|  |TAMS 0x000000008a600000, 0x000000008a500000| Complete 
| 166|0x000000008a600000, 0x000000008a700000, 0x000000008a700000|100%| O|  |TAMS 0x000000008a700000, 0x000000008a600000| Complete 
| 167|0x000000008a700000, 0x000000008a800000, 0x000000008a800000|100%| O|  |TAMS 0x000000008a800000, 0x000000008a700000| Untracked 
| 168|0x000000008a800000, 0x000000008a900000, 0x000000008a900000|100%| O|  |TAMS 0x000000008a900000, 0x000000008a800000| Complete 
| 169|0x000000008a900000, 0x000000008aa00000, 0x000000008aa00000|100%| O|  |TAMS 0x000000008aa00000, 0x000000008a900000| Untracked 
| 170|0x000000008aa00000, 0x000000008ab00000, 0x000000008ab00000|100%| O|  |TAMS 0x000000008ab00000, 0x000000008aa00000| Untracked 
| 171|0x000000008ab00000, 0x000000008ab00000, 0x000000008ac00000|  0%| F|  |TAMS 0x000000008ab00000, 0x000000008ab00000| Untracked 
| 172|0x000000008ac00000, 0x000000008ad00000, 0x000000008ad00000|100%| O|  |TAMS 0x000000008ad00000, 0x000000008ac00000| Complete 
| 173|0x000000008ad00000, 0x000000008ae00000, 0x000000008ae00000|100%| O|  |TAMS 0x000000008ae00000, 0x000000008ad00000| Complete 
| 174|0x000000008ae00000, 0x000000008af00000, 0x000000008af00000|100%| O|  |TAMS 0x000000008af00000, 0x000000008ae00000| Untracked 
| 175|0x000000008af00000, 0x000000008b000000, 0x000000008b000000|100%| O|  |TAMS 0x000000008b000000, 0x000000008af00000| Untracked 
| 176|0x000000008b000000, 0x000000008b100000, 0x000000008b100000|100%| O|  |TAMS 0x000000008b100000, 0x000000008b000000| Complete 
| 177|0x000000008b100000, 0x000000008b200000, 0x000000008b200000|100%| O|  |TAMS 0x000000008b200000, 0x000000008b100000| Complete 
| 178|0x000000008b200000, 0x000000008b300000, 0x000000008b300000|100%| O|  |TAMS 0x000000008b300000, 0x000000008b200000| Complete 
| 179|0x000000008b300000, 0x000000008b400000, 0x000000008b400000|100%| O|  |TAMS 0x000000008b400000, 0x000000008b300000| Complete 
| 180|0x000000008b400000, 0x000000008b500000, 0x000000008b500000|100%| O|  |TAMS 0x000000008b500000, 0x000000008b400000| Complete 
| 181|0x000000008b500000, 0x000000008b600000, 0x000000008b600000|100%| O|  |TAMS 0x000000008b600000, 0x000000008b500000| Untracked 
| 182|0x000000008b600000, 0x000000008b700000, 0x000000008b700000|100%| O|  |TAMS 0x000000008b700000, 0x000000008b600000| Untracked 
| 183|0x000000008b700000, 0x000000008b800000, 0x000000008b800000|100%| O|  |TAMS 0x000000008b800000, 0x000000008b700000| Untracked 
| 184|0x000000008b800000, 0x000000008b900000, 0x000000008b900000|100%| O|  |TAMS 0x000000008b900000, 0x000000008b800000| Untracked 
| 185|0x000000008b900000, 0x000000008ba00000, 0x000000008ba00000|100%| O|  |TAMS 0x000000008ba00000, 0x000000008b900000| Untracked 
| 186|0x000000008ba00000, 0x000000008bb00000, 0x000000008bb00000|100%| O|  |TAMS 0x000000008bb00000, 0x000000008ba00000| Untracked 
| 187|0x000000008bb00000, 0x000000008bc00000, 0x000000008bc00000|100%| O|  |TAMS 0x000000008bc00000, 0x000000008bb00000| Complete 
| 188|0x000000008bc00000, 0x000000008bd00000, 0x000000008bd00000|100%| O|  |TAMS 0x000000008bd00000, 0x000000008bc00000| Untracked 
| 189|0x000000008bd00000, 0x000000008be00000, 0x000000008be00000|100%| O|  |TAMS 0x000000008be00000, 0x000000008bd00000| Complete 
| 190|0x000000008be00000, 0x000000008be00000, 0x000000008bf00000|  0%| F|  |TAMS 0x000000008be00000, 0x000000008be00000| Untracked 
| 191|0x000000008bf00000, 0x000000008bf00000, 0x000000008c000000|  0%| F|  |TAMS 0x000000008bf00000, 0x000000008bf00000| Untracked 
| 192|0x000000008c000000, 0x000000008c100000, 0x000000008c100000|100%| O|  |TAMS 0x000000008c100000, 0x000000008c000000| Complete 
| 193|0x000000008c100000, 0x000000008c200000, 0x000000008c200000|100%| O|  |TAMS 0x000000008c200000, 0x000000008c100000| Complete 
| 194|0x000000008c200000, 0x000000008c300000, 0x000000008c300000|100%| O|  |TAMS 0x000000008c300000, 0x000000008c200000| Untracked 
| 195|0x000000008c300000, 0x000000008c400000, 0x000000008c400000|100%| O|  |TAMS 0x000000008c400000, 0x000000008c300000| Untracked 
| 196|0x000000008c400000, 0x000000008c500000, 0x000000008c500000|100%| O|  |TAMS 0x000000008c500000, 0x000000008c400000| Untracked 
| 197|0x000000008c500000, 0x000000008c500000, 0x000000008c600000|  0%| F|  |TAMS 0x000000008c500000, 0x000000008c500000| Untracked 
| 198|0x000000008c600000, 0x000000008c700000, 0x000000008c700000|100%| O|  |TAMS 0x000000008c700000, 0x000000008c600000| Untracked 
| 199|0x000000008c700000, 0x000000008c800000, 0x000000008c800000|100%| O|  |TAMS 0x000000008c800000, 0x000000008c700000| Untracked 
| 200|0x000000008c800000, 0x000000008c900000, 0x000000008c900000|100%| O|  |TAMS 0x000000008c900000, 0x000000008c800000| Untracked 
| 201|0x000000008c900000, 0x000000008ca00000, 0x000000008ca00000|100%| O|  |TAMS 0x000000008ca00000, 0x000000008c900000| Complete 
| 202|0x000000008ca00000, 0x000000008cb00000, 0x000000008cb00000|100%| O|  |TAMS 0x000000008ca00000, 0x000000008ca00000| Untracked 
| 203|0x000000008cb00000, 0x000000008cb00000, 0x000000008cc00000|  0%| F|  |TAMS 0x000000008cb00000, 0x000000008cb00000| Untracked 
| 204|0x000000008cc00000, 0x000000008cd00000, 0x000000008cd00000|100%| O|  |TAMS 0x000000008cd00000, 0x000000008cc00000| Complete 
| 205|0x000000008cd00000, 0x000000008cd00000, 0x000000008ce00000|  0%| F|  |TAMS 0x000000008cd00000, 0x000000008cd00000| Untracked 
| 206|0x000000008ce00000, 0x000000008cf00000, 0x000000008cf00000|100%| O|  |TAMS 0x000000008ce00000, 0x000000008ce00000| Untracked 
| 207|0x000000008cf00000, 0x000000008d000000, 0x000000008d000000|100%| O|  |TAMS 0x000000008cf00000, 0x000000008cf00000| Untracked 
| 208|0x000000008d000000, 0x000000008d000000, 0x000000008d100000|  0%| F|  |TAMS 0x000000008d000000, 0x000000008d000000| Untracked 
| 209|0x000000008d100000, 0x000000008d100000, 0x000000008d200000|  0%| F|  |TAMS 0x000000008d100000, 0x000000008d100000| Untracked 
| 210|0x000000008d200000, 0x000000008d300000, 0x000000008d300000|100%| O|  |TAMS 0x000000008d300000, 0x000000008d200000| Complete 
| 211|0x000000008d300000, 0x000000008d400000, 0x000000008d400000|100%| O|  |TAMS 0x000000008d400000, 0x000000008d300000| Complete 
| 212|0x000000008d400000, 0x000000008d500000, 0x000000008d500000|100%| O|  |TAMS 0x000000008d500000, 0x000000008d400000| Complete 
| 213|0x000000008d500000, 0x000000008d600000, 0x000000008d600000|100%| O|  |TAMS 0x000000008d600000, 0x000000008d500000| Untracked 
| 214|0x000000008d600000, 0x000000008d700000, 0x000000008d700000|100%| O|  |TAMS 0x000000008d700000, 0x000000008d600000| Untracked 
| 215|0x000000008d700000, 0x000000008d800000, 0x000000008d800000|100%| O|  |TAMS 0x000000008d800000, 0x000000008d700000| Untracked 
| 216|0x000000008d800000, 0x000000008d900000, 0x000000008d900000|100%| O|  |TAMS 0x000000008d900000, 0x000000008d800000| Untracked 
| 217|0x000000008d900000, 0x000000008d900000, 0x000000008da00000|  0%| F|  |TAMS 0x000000008d900000, 0x000000008d900000| Untracked 
| 218|0x000000008da00000, 0x000000008da00000, 0x000000008db00000|  0%| F|  |TAMS 0x000000008da00000, 0x000000008da00000| Untracked 
| 219|0x000000008db00000, 0x000000008db00000, 0x000000008dc00000|  0%| F|  |TAMS 0x000000008db00000, 0x000000008db00000| Untracked 
| 220|0x000000008dc00000, 0x000000008dc00000, 0x000000008dd00000|  0%| F|  |TAMS 0x000000008dc00000, 0x000000008dc00000| Untracked 
| 221|0x000000008dd00000, 0x000000008dd00000, 0x000000008de00000|  0%| F|  |TAMS 0x000000008dd00000, 0x000000008dd00000| Untracked 
| 222|0x000000008de00000, 0x000000008de00000, 0x000000008df00000|  0%| F|  |TAMS 0x000000008de00000, 0x000000008de00000| Untracked 
| 223|0x000000008df00000, 0x000000008df00000, 0x000000008e000000|  0%| F|  |TAMS 0x000000008df00000, 0x000000008df00000| Untracked 
| 224|0x000000008e000000, 0x000000008e000000, 0x000000008e100000|  0%| F|  |TAMS 0x000000008e000000, 0x000000008e000000| Untracked 
| 225|0x000000008e100000, 0x000000008e200000, 0x000000008e200000|100%| O|  |TAMS 0x000000008e200000, 0x000000008e100000| Complete 
| 226|0x000000008e200000, 0x000000008e300000, 0x000000008e300000|100%| O|  |TAMS 0x000000008e300000, 0x000000008e200000| Complete 
| 227|0x000000008e300000, 0x000000008e300000, 0x000000008e400000|  0%| F|  |TAMS 0x000000008e300000, 0x000000008e300000| Untracked 
| 228|0x000000008e400000, 0x000000008e500000, 0x000000008e500000|100%| O|  |TAMS 0x000000008e500000, 0x000000008e400000| Complete 
| 229|0x000000008e500000, 0x000000008e600000, 0x000000008e600000|100%| O|  |TAMS 0x000000008e600000, 0x000000008e500000| Untracked 
| 230|0x000000008e600000, 0x000000008e700000, 0x000000008e700000|100%| O|  |TAMS 0x000000008e700000, 0x000000008e600000| Complete 
| 231|0x000000008e700000, 0x000000008e800000, 0x000000008e800000|100%| O|  |TAMS 0x000000008e800000, 0x000000008e700000| Complete 
| 232|0x000000008e800000, 0x000000008e800000, 0x000000008e900000|  0%| F|  |TAMS 0x000000008e800000, 0x000000008e800000| Untracked 
| 233|0x000000008e900000, 0x000000008e900000, 0x000000008ea00000|  0%| F|  |TAMS 0x000000008e900000, 0x000000008e900000| Untracked 
| 234|0x000000008ea00000, 0x000000008ea00000, 0x000000008eb00000|  0%| F|  |TAMS 0x000000008ea00000, 0x000000008ea00000| Untracked 
| 235|0x000000008eb00000, 0x000000008eb00000, 0x000000008ec00000|  0%| F|  |TAMS 0x000000008eb00000, 0x000000008eb00000| Untracked 
| 236|0x000000008ec00000, 0x000000008ec00000, 0x000000008ed00000|  0%| F|  |TAMS 0x000000008ec00000, 0x000000008ec00000| Untracked 
| 237|0x000000008ed00000, 0x000000008ee00000, 0x000000008ee00000|100%| O|  |TAMS 0x000000008ee00000, 0x000000008ed00000| Complete 
| 238|0x000000008ee00000, 0x000000008ef00000, 0x000000008ef00000|100%| O|  |TAMS 0x000000008ef00000, 0x000000008ee00000| Complete 
| 239|0x000000008ef00000, 0x000000008f000000, 0x000000008f000000|100%| O|  |TAMS 0x000000008f000000, 0x000000008ef00000| Untracked 
| 240|0x000000008f000000, 0x000000008f000000, 0x000000008f100000|  0%| F|  |TAMS 0x000000008f000000, 0x000000008f000000| Untracked 
| 241|0x000000008f100000, 0x000000008f100000, 0x000000008f200000|  0%| F|  |TAMS 0x000000008f100000, 0x000000008f100000| Untracked 
| 242|0x000000008f200000, 0x000000008f200000, 0x000000008f300000|  0%| F|  |TAMS 0x000000008f200000, 0x000000008f200000| Untracked 
| 243|0x000000008f300000, 0x000000008f300000, 0x000000008f400000|  0%| F|  |TAMS 0x000000008f300000, 0x000000008f300000| Untracked 
| 244|0x000000008f400000, 0x000000008f400000, 0x000000008f500000|  0%| F|  |TAMS 0x000000008f400000, 0x000000008f400000| Untracked 
| 245|0x000000008f500000, 0x000000008f500000, 0x000000008f600000|  0%| F|  |TAMS 0x000000008f500000, 0x000000008f500000| Untracked 
| 246|0x000000008f600000, 0x000000008f600000, 0x000000008f700000|  0%| F|  |TAMS 0x000000008f600000, 0x000000008f600000| Untracked 
| 247|0x000000008f700000, 0x000000008f700000, 0x000000008f800000|  0%| F|  |TAMS 0x000000008f700000, 0x000000008f700000| Untracked 
| 248|0x000000008f800000, 0x000000008f800000, 0x000000008f900000|  0%| F|  |TAMS 0x000000008f800000, 0x000000008f800000| Untracked 
| 249|0x000000008f900000, 0x000000008f900000, 0x000000008fa00000|  0%| F|  |TAMS 0x000000008f900000, 0x000000008f900000| Untracked 
| 250|0x000000008fa00000, 0x000000008fa00000, 0x000000008fb00000|  0%| F|  |TAMS 0x000000008fa00000, 0x000000008fa00000| Untracked 
| 251|0x000000008fb00000, 0x000000008fb00000, 0x000000008fc00000|  0%| F|  |TAMS 0x000000008fb00000, 0x000000008fb00000| Untracked 
| 252|0x000000008fc00000, 0x000000008fc00000, 0x000000008fd00000|  0%| F|  |TAMS 0x000000008fc00000, 0x000000008fc00000| Untracked 
| 253|0x000000008fd00000, 0x000000008fd00000, 0x000000008fe00000|  0%| F|  |TAMS 0x000000008fd00000, 0x000000008fd00000| Untracked 
| 254|0x000000008fe00000, 0x000000008fe00000, 0x000000008ff00000|  0%| F|  |TAMS 0x000000008fe00000, 0x000000008fe00000| Untracked 
| 255|0x000000008ff00000, 0x000000008ff00000, 0x0000000090000000|  0%| F|  |TAMS 0x000000008ff00000, 0x000000008ff00000| Untracked 
| 256|0x0000000090000000, 0x0000000090000000, 0x0000000090100000|  0%| F|  |TAMS 0x0000000090000000, 0x0000000090000000| Untracked 
| 257|0x0000000090100000, 0x0000000090100000, 0x0000000090200000|  0%| F|  |TAMS 0x0000000090100000, 0x0000000090100000| Untracked 
| 258|0x0000000090200000, 0x0000000090200000, 0x0000000090300000|  0%| F|  |TAMS 0x0000000090200000, 0x0000000090200000| Untracked 
| 259|0x0000000090300000, 0x0000000090300000, 0x0000000090400000|  0%| F|  |TAMS 0x0000000090300000, 0x0000000090300000| Untracked 
| 260|0x0000000090400000, 0x0000000090400000, 0x0000000090500000|  0%| F|  |TAMS 0x0000000090400000, 0x0000000090400000| Untracked 
| 261|0x0000000090500000, 0x0000000090600000, 0x0000000090600000|100%| O|  |TAMS 0x0000000090600000, 0x0000000090500000| Complete 
| 262|0x0000000090600000, 0x0000000090600000, 0x0000000090700000|  0%| F|  |TAMS 0x0000000090600000, 0x0000000090600000| Untracked 
| 263|0x0000000090700000, 0x0000000090700000, 0x0000000090800000|  0%| F|  |TAMS 0x0000000090700000, 0x0000000090700000| Untracked 
| 264|0x0000000090800000, 0x0000000090800000, 0x0000000090900000|  0%| F|  |TAMS 0x0000000090800000, 0x0000000090800000| Untracked 
| 265|0x0000000090900000, 0x0000000090900000, 0x0000000090a00000|  0%| F|  |TAMS 0x0000000090900000, 0x0000000090900000| Untracked 
| 266|0x0000000090a00000, 0x0000000090a00000, 0x0000000090b00000|  0%| F|  |TAMS 0x0000000090a00000, 0x0000000090a00000| Untracked 
| 267|0x0000000090b00000, 0x0000000090b00000, 0x0000000090c00000|  0%| F|  |TAMS 0x0000000090b00000, 0x0000000090b00000| Untracked 
| 268|0x0000000090c00000, 0x0000000090c00000, 0x0000000090d00000|  0%| F|  |TAMS 0x0000000090c00000, 0x0000000090c00000| Untracked 
| 269|0x0000000090d00000, 0x0000000090d00000, 0x0000000090e00000|  0%| F|  |TAMS 0x0000000090d00000, 0x0000000090d00000| Untracked 
| 270|0x0000000090e00000, 0x0000000090e00000, 0x0000000090f00000|  0%| F|  |TAMS 0x0000000090e00000, 0x0000000090e00000| Untracked 
| 271|0x0000000090f00000, 0x0000000090f00000, 0x0000000091000000|  0%| F|  |TAMS 0x0000000090f00000, 0x0000000090f00000| Untracked 
| 272|0x0000000091000000, 0x0000000091000000, 0x0000000091100000|  0%| F|  |TAMS 0x0000000091000000, 0x0000000091000000| Untracked 
| 273|0x0000000091100000, 0x0000000091100000, 0x0000000091200000|  0%| F|  |TAMS 0x0000000091100000, 0x0000000091100000| Untracked 
| 274|0x0000000091200000, 0x0000000091200000, 0x0000000091300000|  0%| F|  |TAMS 0x0000000091200000, 0x0000000091200000| Untracked 
| 275|0x0000000091300000, 0x0000000091400000, 0x0000000091400000|100%|HS|  |TAMS 0x0000000091400000, 0x0000000091300000| Complete 
| 276|0x0000000091400000, 0x0000000091500000, 0x0000000091500000|100%|HC|  |TAMS 0x0000000091500000, 0x0000000091400000| Complete 
| 277|0x0000000091500000, 0x0000000091500000, 0x0000000091600000|  0%| F|  |TAMS 0x0000000091500000, 0x0000000091500000| Untracked 
| 278|0x0000000091600000, 0x0000000091600000, 0x0000000091700000|  0%| F|  |TAMS 0x0000000091600000, 0x0000000091600000| Untracked 
| 279|0x0000000091700000, 0x0000000091700000, 0x0000000091800000|  0%| F|  |TAMS 0x0000000091700000, 0x0000000091700000| Untracked 
| 280|0x0000000091800000, 0x0000000091900000, 0x0000000091900000|100%| O|  |TAMS 0x0000000091900000, 0x0000000091800000| Complete 
| 281|0x0000000091900000, 0x0000000091a00000, 0x0000000091a00000|100%| O|  |TAMS 0x0000000091a00000, 0x0000000091900000| Complete 
| 282|0x0000000091a00000, 0x0000000091b00000, 0x0000000091b00000|100%| O|  |TAMS 0x0000000091b00000, 0x0000000091a00000| Untracked 
| 283|0x0000000091b00000, 0x0000000091c00000, 0x0000000091c00000|100%| O|  |TAMS 0x0000000091c00000, 0x0000000091b00000| Untracked 
| 284|0x0000000091c00000, 0x0000000091d00000, 0x0000000091d00000|100%| O|  |TAMS 0x0000000091d00000, 0x0000000091c00000| Untracked 
| 285|0x0000000091d00000, 0x0000000091e00000, 0x0000000091e00000|100%| O|  |TAMS 0x0000000091e00000, 0x0000000091d00000| Untracked 
| 286|0x0000000091e00000, 0x0000000091f00000, 0x0000000091f00000|100%| O|  |TAMS 0x0000000091f00000, 0x0000000091e00000| Untracked 
| 287|0x0000000091f00000, 0x0000000092000000, 0x0000000092000000|100%| O|  |TAMS 0x0000000092000000, 0x0000000091f00000| Untracked 
| 288|0x0000000092000000, 0x0000000092100000, 0x0000000092100000|100%| O|  |TAMS 0x0000000092100000, 0x0000000092000000| Complete 
| 289|0x0000000092100000, 0x0000000092200000, 0x0000000092200000|100%| O|  |TAMS 0x0000000092200000, 0x0000000092100000| Untracked 
| 290|0x0000000092200000, 0x0000000092300000, 0x0000000092300000|100%| O|  |TAMS 0x0000000092300000, 0x0000000092200000| Untracked 
| 291|0x0000000092300000, 0x0000000092400000, 0x0000000092400000|100%| O|  |TAMS 0x000000009238d400, 0x0000000092300000| Complete 
| 292|0x0000000092400000, 0x0000000092500000, 0x0000000092500000|100%| O|  |TAMS 0x0000000092400000, 0x0000000092400000| Untracked 
| 293|0x0000000092500000, 0x0000000092600000, 0x0000000092600000|100%| O|  |TAMS 0x0000000092500000, 0x0000000092500000| Untracked 
| 294|0x0000000092600000, 0x0000000092700000, 0x0000000092700000|100%| O|  |TAMS 0x0000000092600000, 0x0000000092600000| Untracked 
| 295|0x0000000092700000, 0x0000000092800000, 0x0000000092800000|100%| O|  |TAMS 0x0000000092700000, 0x0000000092700000| Untracked 
| 296|0x0000000092800000, 0x0000000092900000, 0x0000000092900000|100%| O|  |TAMS 0x0000000092800000, 0x0000000092800000| Untracked 
| 297|0x0000000092900000, 0x0000000092a00000, 0x0000000092a00000|100%| O|  |TAMS 0x0000000092900000, 0x0000000092900000| Untracked 
| 298|0x0000000092a00000, 0x0000000092b00000, 0x0000000092b00000|100%| O|  |TAMS 0x0000000092a00000, 0x0000000092a00000| Untracked 
| 299|0x0000000092b00000, 0x0000000092c00000, 0x0000000092c00000|100%| O|  |TAMS 0x0000000092b00000, 0x0000000092b00000| Untracked 
| 300|0x0000000092c00000, 0x0000000092c00000, 0x0000000092d00000|  0%| F|  |TAMS 0x0000000092c00000, 0x0000000092c00000| Untracked 
| 301|0x0000000092d00000, 0x0000000092d00000, 0x0000000092e00000|  0%| F|  |TAMS 0x0000000092d00000, 0x0000000092d00000| Untracked 
| 302|0x0000000092e00000, 0x0000000092e00000, 0x0000000092f00000|  0%| F|  |TAMS 0x0000000092e00000, 0x0000000092e00000| Untracked 
| 303|0x0000000092f00000, 0x0000000092f00000, 0x0000000093000000|  0%| F|  |TAMS 0x0000000092f00000, 0x0000000092f00000| Untracked 
| 304|0x0000000093000000, 0x0000000093000000, 0x0000000093100000|  0%| F|  |TAMS 0x0000000093000000, 0x0000000093000000| Untracked 
| 305|0x0000000093100000, 0x0000000093100000, 0x0000000093200000|  0%| F|  |TAMS 0x0000000093100000, 0x0000000093100000| Untracked 
| 306|0x0000000093200000, 0x0000000093200000, 0x0000000093300000|  0%| F|  |TAMS 0x0000000093200000, 0x0000000093200000| Untracked 
| 307|0x0000000093300000, 0x0000000093300000, 0x0000000093400000|  0%| F|  |TAMS 0x0000000093300000, 0x0000000093300000| Untracked 
| 308|0x0000000093400000, 0x0000000093400000, 0x0000000093500000|  0%| F|  |TAMS 0x0000000093400000, 0x0000000093400000| Untracked 
| 309|0x0000000093500000, 0x0000000093500000, 0x0000000093600000|  0%| F|  |TAMS 0x0000000093500000, 0x0000000093500000| Untracked 
| 310|0x0000000093600000, 0x0000000093600000, 0x0000000093700000|  0%| F|  |TAMS 0x0000000093600000, 0x0000000093600000| Untracked 
| 311|0x0000000093700000, 0x0000000093700000, 0x0000000093800000|  0%| F|  |TAMS 0x0000000093700000, 0x0000000093700000| Untracked 
| 312|0x0000000093800000, 0x00000000938b0510, 0x0000000093900000| 68%| S|CS|TAMS 0x0000000093800000, 0x0000000093800000| Complete 
| 313|0x0000000093900000, 0x0000000093900000, 0x0000000093a00000|  0%| F|  |TAMS 0x0000000093900000, 0x0000000093900000| Untracked 
| 314|0x0000000093a00000, 0x0000000093a00000, 0x0000000093b00000|  0%| F|  |TAMS 0x0000000093a00000, 0x0000000093a00000| Untracked 
| 315|0x0000000093b00000, 0x0000000093b00000, 0x0000000093c00000|  0%| F|  |TAMS 0x0000000093b00000, 0x0000000093b00000| Untracked 
| 316|0x0000000093c00000, 0x0000000093c00000, 0x0000000093d00000|  0%| F|  |TAMS 0x0000000093c00000, 0x0000000093c00000| Untracked 
| 317|0x0000000093d00000, 0x0000000093d00000, 0x0000000093e00000|  0%| F|  |TAMS 0x0000000093d00000, 0x0000000093d00000| Untracked 
| 318|0x0000000093e00000, 0x0000000093e00000, 0x0000000093f00000|  0%| F|  |TAMS 0x0000000093e00000, 0x0000000093e00000| Untracked 
| 319|0x0000000093f00000, 0x0000000093f00000, 0x0000000094000000|  0%| F|  |TAMS 0x0000000093f00000, 0x0000000093f00000| Untracked 
| 320|0x0000000094000000, 0x0000000094000000, 0x0000000094100000|  0%| F|  |TAMS 0x0000000094000000, 0x0000000094000000| Untracked 
| 321|0x0000000094100000, 0x0000000094100000, 0x0000000094200000|  0%| F|  |TAMS 0x0000000094100000, 0x0000000094100000| Untracked 
| 322|0x0000000094200000, 0x0000000094200000, 0x0000000094300000|  0%| F|  |TAMS 0x0000000094200000, 0x0000000094200000| Untracked 
| 323|0x0000000094300000, 0x0000000094300000, 0x0000000094400000|  0%| F|  |TAMS 0x0000000094300000, 0x0000000094300000| Untracked 
| 324|0x0000000094400000, 0x0000000094400000, 0x0000000094500000|  0%| F|  |TAMS 0x0000000094400000, 0x0000000094400000| Untracked 
| 325|0x0000000094500000, 0x0000000094500000, 0x0000000094600000|  0%| F|  |TAMS 0x0000000094500000, 0x0000000094500000| Untracked 
| 326|0x0000000094600000, 0x0000000094600000, 0x0000000094700000|  0%| F|  |TAMS 0x0000000094600000, 0x0000000094600000| Untracked 
| 327|0x0000000094700000, 0x0000000094700000, 0x0000000094800000|  0%| F|  |TAMS 0x0000000094700000, 0x0000000094700000| Untracked 
| 328|0x0000000094800000, 0x0000000094800000, 0x0000000094900000|  0%| F|  |TAMS 0x0000000094800000, 0x0000000094800000| Untracked 

Card table byte_map: [0x000001dca2800000,0x000001dca2c00000] _byte_map_base: 0x000001dca2400000

Marking Bits (Prev, Next): (CMBitMap*) 0x000001dc8bd8e1c0, (CMBitMap*) 0x000001dc8bd8e188
 Prev Bits: [0x000001dca5000000, 0x000001dca7000000)
 Next Bits: [0x000001dca3000000, 0x000001dca5000000)

Polling page: 0x000001dc89cd0000

Metaspace:

Usage:
  Non-class:    130.45 MB capacity,   127.13 MB ( 97%) used,     2.72 MB (  2%) free+waste,   618.44 KB ( <1%) overhead. 
      Class:     21.13 MB capacity,    19.03 MB ( 90%) used,     1.83 MB (  9%) free+waste,   273.12 KB (  1%) overhead. 
       Both:    151.58 MB capacity,   146.16 MB ( 96%) used,     4.55 MB (  3%) free+waste,   891.56 KB ( <1%) overhead. 

Virtual space:
  Non-class space:      132.00 MB reserved,     130.57 MB ( 99%) committed 
      Class space:      504.00 MB reserved,      21.27 MB (  4%) committed 
             Both:      636.00 MB reserved,     151.84 MB ( 24%) committed 

Chunk freelists:
   Non-Class:  6.38 KB
       Class:  3.62 KB
        Both:  10.00 KB

CodeHeap 'non-profiled nmethods': size=120064Kb used=18926Kb max_used=19393Kb free=101137Kb
 bounds [0x000001dc9aec0000, 0x000001dc9c1c0000, 0x000001dca2400000]
CodeHeap 'profiled nmethods': size=120000Kb used=46479Kb max_used=48927Kb free=73521Kb
 bounds [0x000001dc93990000, 0x000001dc96a10000, 0x000001dc9aec0000]
CodeHeap 'non-nmethods': size=5696Kb used=2382Kb max_used=2468Kb free=3314Kb
 bounds [0x000001dc93400000, 0x000001dc93680000, 0x000001dc93990000]
 total_blobs=22735 nmethods=21714 adapters=930
 compilation: enabled
              stopped_count=0, restarted_count=0
 full_count=0

Compilation events (10 events):
Event: 129.167 Thread 0x000001dca9d7d000 26877       2       jdk.internal.reflect.UnsafeFieldAccessorFactory::newFieldAccessor (676 bytes)
Event: 129.169 Thread 0x000001dca9d7d000 nmethod 26877 0x000001dc943f6910 code [0x000001dc943f6ea0, 0x000001dc943f8c58]
Event: 129.169 Thread 0x000001dca9d7d000 26878       2       jdk.internal.reflect.UnsafeFieldAccessorImpl::<init> (56 bytes)
Event: 129.169 Thread 0x000001dca9d7d000 nmethod 26878 0x000001dc93cb8090 code [0x000001dc93cb8260, 0x000001dc93cb85d8]
Event: 129.169 Thread 0x000001dca9d7d000 26879       2       org.gradle.internal.Factories::toFactory (9 bytes)
Event: 129.169 Thread 0x000001dca9d7d000 nmethod 26879 0x000001dc93d3c090 code [0x000001dc93d3c220, 0x000001dc93d3c398]
Event: 129.174 Thread 0x000001dca9d7d000 26880       2       com.google.common.collect.AbstractMapBasedMultimap$RandomAccessWrappedList::<init> (10 bytes)
Event: 129.174 Thread 0x000001dca9d7d000 nmethod 26880 0x000001dc93d3bc90 code [0x000001dc93d3be40, 0x000001dc93d3bfa8]
Event: 129.177 Thread 0x000001dca9d7c000 nmethod 26796 0x000001dc9bde9790 code [0x000001dc9bdea200, 0x000001dc9bdf4ff0]
Event: 129.178 Thread 0x000001dca9d7c000 26834       4       java.util.TimSort::mergeHi (732 bytes)

GC Heap History (10 events):
Event: 128.147 GC heap after
{Heap after GC invocations=194 (full 0):
 garbage-first heap   total 336896K, used 306179K [0x0000000080000000, 0x0000000100000000)
  region size 1024K, 2 young (2048K), 2 survivors (2048K)
 Metaspace       used 149200K, capacity 154750K, committed 154972K, reserved 651264K
  class space    used 19416K, capacity 21524K, committed 21528K, reserved 516096K
}
Event: 128.256 GC heap before
{Heap before GC invocations=194 (full 0):
 garbage-first heap   total 336896K, used 320515K [0x0000000080000000, 0x0000000100000000)
  region size 1024K, 16 young (16384K), 2 survivors (2048K)
 Metaspace       used 149242K, capacity 154810K, committed 155100K, reserved 651264K
  class space    used 19428K, capacity 21544K, committed 21656K, reserved 516096K
}
Event: 128.262 GC heap after
{Heap after GC invocations=195 (full 0):
 garbage-first heap   total 336896K, used 307978K [0x0000000080000000, 0x0000000100000000)
  region size 1024K, 2 young (2048K), 2 survivors (2048K)
 Metaspace       used 149242K, capacity 154810K, committed 155100K, reserved 651264K
  class space    used 19428K, capacity 21544K, committed 21656K, reserved 516096K
}
Event: 128.421 GC heap before
{Heap before GC invocations=195 (full 0):
 garbage-first heap   total 336896K, used 312074K [0x0000000080000000, 0x0000000100000000)
  region size 1024K, 16 young (16384K), 2 survivors (2048K)
 Metaspace       used 149278K, capacity 154841K, committed 155100K, reserved 651264K
  class space    used 19433K, capacity 21554K, committed 21656K, reserved 516096K
}
Event: 128.428 GC heap after
{Heap after GC invocations=196 (full 0):
 garbage-first heap   total 336896K, used 300805K [0x0000000080000000, 0x0000000100000000)
  region size 1024K, 2 young (2048K), 2 survivors (2048K)
 Metaspace       used 149278K, capacity 154841K, committed 155100K, reserved 651264K
  class space    used 19433K, capacity 21554K, committed 21656K, reserved 516096K
}
Event: 128.852 GC heap before
{Heap before GC invocations=197 (full 0):
 garbage-first heap   total 336896K, used 315141K [0x0000000080000000, 0x0000000100000000)
  region size 1024K, 16 young (16384K), 2 survivors (2048K)
 Metaspace       used 149401K, capacity 154937K, committed 155100K, reserved 651264K
  class space    used 19452K, capacity 21586K, committed 21656K, reserved 516096K
}
Event: 128.859 GC heap after
{Heap after GC invocations=198 (full 0):
 garbage-first heap   total 336896K, used 302823K [0x0000000080000000, 0x0000000100000000)
  region size 1024K, 2 young (2048K), 2 survivors (2048K)
 Metaspace       used 149401K, capacity 154937K, committed 155100K, reserved 651264K
  class space    used 19452K, capacity 21586K, committed 21656K, reserved 516096K
}
Event: 129.107 GC heap before
{Heap before GC invocations=198 (full 0):
 garbage-first heap   total 336896K, used 317159K [0x0000000080000000, 0x0000000100000000)
  region size 1024K, 16 young (16384K), 2 survivors (2048K)
 Metaspace       used 149434K, capacity 155002K, committed 155100K, reserved 651264K
  class space    used 19458K, capacity 21586K, committed 21656K, reserved 516096K
}
Event: 129.115 GC heap after
{Heap after GC invocations=199 (full 0):
 garbage-first heap   total 336896K, used 269181K [0x0000000080000000, 0x0000000100000000)
  region size 1024K, 1 young (1024K), 1 survivors (1024K)
 Metaspace       used 149434K, capacity 155002K, committed 155100K, reserved 651264K
  class space    used 19458K, capacity 21586K, committed 21656K, reserved 516096K
}
Event: 129.221 GC heap before
{Heap before GC invocations=199 (full 0):
 garbage-first heap   total 336896K, used 284541K [0x0000000080000000, 0x0000000100000000)
  region size 1024K, 16 young (16384K), 1 survivors (1024K)
 Metaspace       used 149668K, capacity 155220K, committed 155484K, reserved 651264K
  class space    used 19489K, capacity 21635K, committed 21784K, reserved 516096K
}

Deoptimization events (10 events):
Event: 128.270 Thread 0x000001dcaf736800 Uncommon trap: reason=bimorphic_or_optimized_type_check action=maybe_recompile pc=0x000001dc9b9ceba8 method=java.util.function.Function.lambda$andThen$1(Ljava/util/function/Function;Ljava/lang/Object;)Ljava/lang/Object; @ 8 c2
Event: 128.270 Thread 0x000001dcaf736800 Uncommon trap: reason=class_check action=maybe_recompile pc=0x000001dc9c149848 method=com.android.tools.r8.graph.T0.a(Lcom/android/tools/r8/internal/u10;Lcom/android/tools/r8/internal/cd;)I @ 6 c2
Event: 128.271 Thread 0x000001dcaf736800 Uncommon trap: reason=class_check action=maybe_recompile pc=0x000001dc9c149848 method=com.android.tools.r8.graph.T0.a(Lcom/android/tools/r8/internal/u10;Lcom/android/tools/r8/internal/cd;)I @ 6 c2
Event: 128.292 Thread 0x000001dcaf736800 Uncommon trap: reason=class_check action=maybe_recompile pc=0x000001dc9b957fb8 method=java.util.IdentityHashMap$KeySet.toArray([Ljava/lang/Object;)[Ljava/lang/Object; @ 30 c2
Event: 128.301 Thread 0x000001dcaf736000 Uncommon trap: reason=class_check action=maybe_recompile pc=0x000001dc9b957fb8 method=java.util.IdentityHashMap$KeySet.toArray([Ljava/lang/Object;)[Ljava/lang/Object; @ 30 c2
Event: 128.301 Thread 0x000001dcaf736000 Uncommon trap: reason=array_check action=maybe_recompile pc=0x000001dc9c1592ec method=java.util.TimSort.mergeLo(IIII)V @ 212 c2
Event: 128.593 Thread 0x000001dcace88000 Uncommon trap: reason=unstable_if action=reinterpret pc=0x000001dc9bc2cba4 method=com.android.tools.r8.internal.k9.a(I)Lcom/android/tools/r8/internal/k9; @ 1 c2
Event: 128.598 Thread 0x000001dcaf736800 Uncommon trap: reason=class_check action=maybe_recompile pc=0x000001dc9b967dac method=org.gradle.internal.snapshot.LargeChildMap.withNode(Lorg/gradle/internal/snapshot/VfsRelativePath;Lorg/gradle/internal/snapshot/CaseSensitivity;Lorg/gradle/internal/snap
Event: 128.598 Thread 0x000001dcaf736800 Uncommon trap: reason=class_check action=maybe_recompile pc=0x000001dc9b967dac method=org.gradle.internal.snapshot.LargeChildMap.withNode(Lorg/gradle/internal/snapshot/VfsRelativePath;Lorg/gradle/internal/snapshot/CaseSensitivity;Lorg/gradle/internal/snap
Event: 128.827 Thread 0x000001dcace88000 Uncommon trap: reason=unstable_if action=reinterpret pc=0x000001dc9bf1bad8 method=com.android.tools.r8.internal.uc.a(Lcom/android/tools/r8/internal/Ro;)V @ 319 c2

Classes redefined (0 events):
No events

Internal exceptions (10 events):
Event: 126.679 Thread 0x000001dcb67d2000 Exception <a 'sun/nio/fs/WindowsException'{0x00000000948d6540}> (0x00000000948d6540) thrown at [./open/src/hotspot/share/prims/jni.cpp, line 611]
Event: 126.694 Thread 0x000001dcaf736800 Implicit null exception at 0x000001dc9b8c56f4 to 0x000001dc9b8c5a00
Event: 126.714 Thread 0x000001dcaf736000 Implicit null exception at 0x000001dc9b8c4305 to 0x000001dc9b8c44c4
Event: 126.916 Thread 0x000001dcaf736000 Exception <a 'sun/nio/fs/WindowsException'{0x00000000942b2210}> (0x00000000942b2210) thrown at [./open/src/hotspot/share/prims/jni.cpp, line 611]
Event: 126.916 Thread 0x000001dcaf736800 Exception <a 'sun/nio/fs/WindowsException'{0x00000000942cdf70}> (0x00000000942cdf70) thrown at [./open/src/hotspot/share/prims/jni.cpp, line 611]
Event: 127.663 Thread 0x000001dcace88000 Exception <a 'sun/nio/fs/WindowsException'{0x0000000094618f18}> (0x0000000094618f18) thrown at [./open/src/hotspot/share/prims/jni.cpp, line 611]
Event: 128.347 Thread 0x000001dcaf736800 Exception <a 'sun/nio/fs/WindowsException'{0x00000000940c9318}> (0x00000000940c9318) thrown at [./open/src/hotspot/share/prims/jni.cpp, line 611]
Event: 128.392 Thread 0x000001dcaf736000 Exception <a 'sun/nio/fs/WindowsException'{0x0000000093dac6e0}> (0x0000000093dac6e0) thrown at [./open/src/hotspot/share/prims/jni.cpp, line 611]
Event: 128.602 Thread 0x000001dcaf736800 Exception <a 'sun/nio/fs/WindowsException'{0x00000000944c3da8}> (0x00000000944c3da8) thrown at [./open/src/hotspot/share/prims/jni.cpp, line 611]
Event: 129.168 Thread 0x000001dcaf736800 Exception <a 'java/lang/NoSuchMethodError'{0x0000000093e2a8d0}: static Lcom/android/ide/common/resources/MergedAssetWriter$AssetWorkAction;.<clinit>()V> (0x0000000093e2a8d0) thrown at [./open/src/hotspot/share/prims/jni.cpp, line 1366]

Events (10 events):
Event: 129.208 loading class org/apache/xerces/parsers/AbstractDOMParser$Abort done
Event: 129.211 loading class org/apache/xerces/xs/XSSimpleTypeDefinition
Event: 129.211 loading class org/apache/xerces/xs/XSSimpleTypeDefinition done
Event: 129.213 loading class org/apache/xerces/xs/XSTypeDefinition
Event: 129.213 loading class org/apache/xerces/xs/XSTypeDefinition done
Event: 129.213 loading class org/apache/xerces/xs/XSObject
Event: 129.213 loading class org/apache/xerces/xs/XSObject done
Event: 129.216 loading class org/apache/xerces/xni/parser/XMLErrorHandler
Event: 129.216 loading class org/apache/xerces/xni/parser/XMLErrorHandler done
Event: 129.220 Executing VM operation: G1CollectForAllocation


Dynamic libraries:
0x00007ff6b9c10000 - 0x00007ff6b9c20000 	C:\Program Files\Java\jdk-11\bin\java.exe
0x00007ffe19160000 - 0x00007ffe19369000 	C:\Windows\SYSTEM32\ntdll.dll
0x00007ffe18b80000 - 0x00007ffe18c3d000 	C:\Windows\System32\KERNEL32.DLL
0x00007ffe16a60000 - 0x00007ffe16de4000 	C:\Windows\System32\KERNELBASE.dll
0x00007ffe168a0000 - 0x00007ffe169b1000 	C:\Windows\System32\ucrtbase.dll
0x00007ffe01a40000 - 0x00007ffe01a59000 	C:\Program Files\Java\jdk-11\bin\jli.dll
0x00007ffe17270000 - 0x00007ffe1731e000 	C:\Windows\System32\ADVAPI32.dll
0x00007ffe02d60000 - 0x00007ffe02d7b000 	C:\Program Files\Java\jdk-11\bin\VCRUNTIME140.dll
0x00007ffe178c0000 - 0x00007ffe17963000 	C:\Windows\System32\msvcrt.dll
0x00007ffe18ae0000 - 0x00007ffe18b7e000 	C:\Windows\System32\sechost.dll
0x00007ffe18f70000 - 0x00007ffe19091000 	C:\Windows\System32\RPCRT4.dll
0x00007ffe17da0000 - 0x00007ffe17f4d000 	C:\Windows\System32\USER32.dll
0x00007ffe169c0000 - 0x00007ffe169e6000 	C:\Windows\System32\win32u.dll
0x00007ffe18ed0000 - 0x00007ffe18efa000 	C:\Windows\System32\GDI32.dll
0x00007ffe16df0000 - 0x00007ffe16f0e000 	C:\Windows\System32\gdi32full.dll
0x00007ffe16f10000 - 0x00007ffe16fad000 	C:\Windows\System32\msvcp_win.dll
0x00007ffe03130000 - 0x00007ffe033d5000 	C:\Windows\WinSxS\amd64_microsoft.windows.common-controls_6595b64144ccf1df_6.0.22000.120_none_9d947278b86cc467\COMCTL32.dll
0x00007ffe15f90000 - 0x00007ffe15f9a000 	C:\Windows\SYSTEM32\VERSION.dll
0x00007ffe18e90000 - 0x00007ffe18ec1000 	C:\Windows\System32\IMM32.DLL
0x0000000052960000 - 0x000000005296c000 	C:\Program Files (x86)\360\Total Security\safemon\SafeWrapper.dll
0x00007ffe02dc0000 - 0x00007ffe02e52000 	C:\Program Files (x86)\360\Total Security\safemon\libzdtp64.dll
0x00007ffe182f0000 - 0x00007ffe18ab5000 	C:\Windows\System32\SHELL32.dll
0x00007ffe17fb0000 - 0x00007ffe1800d000 	C:\Windows\System32\SHLWAPI.dll
0x00007ffe11390000 - 0x00007ffe1139c000 	C:\Program Files\Java\jdk-11\bin\vcruntime140_1.dll
0x00007ffdfbf10000 - 0x00007ffdfbf9e000 	C:\Program Files\Java\jdk-11\bin\msvcp140.dll
0x00007ffdbf4a0000 - 0x00007ffdc000c000 	C:\Program Files\Java\jdk-11\bin\server\jvm.dll
0x00007ffe18cc0000 - 0x00007ffe18cc8000 	C:\Windows\System32\PSAPI.DLL
0x00007ffdfe290000 - 0x00007ffdfe299000 	C:\Windows\SYSTEM32\WSOCK32.dll
0x00007ffe10ab0000 - 0x00007ffe10ae3000 	C:\Windows\SYSTEM32\WINMM.dll
0x00007ffe18f00000 - 0x00007ffe18f6f000 	C:\Windows\System32\WS2_32.dll
0x00007ffe15660000 - 0x00007ffe15678000 	C:\Windows\SYSTEM32\kernel.appcore.dll
0x00007ffe04560000 - 0x00007ffe04570000 	C:\Program Files\Java\jdk-11\bin\verify.dll
0x00007ffe13fb0000 - 0x00007ffe141d1000 	C:\Windows\SYSTEM32\DBGHELP.DLL
0x00007ffe0dad0000 - 0x00007ffe0db01000 	C:\Windows\SYSTEM32\dbgcore.DLL
0x00007ffe165f0000 - 0x00007ffe1666f000 	C:\Windows\System32\bcryptPrimitives.dll
0x00007ffe006c0000 - 0x00007ffe006e8000 	C:\Program Files\Java\jdk-11\bin\java.dll
0x00007ffe03ef0000 - 0x00007ffe03efa000 	C:\Program Files\Java\jdk-11\bin\jimage.dll
0x00007ffe01970000 - 0x00007ffe01987000 	C:\Program Files\Java\jdk-11\bin\zip.dll
0x00007ffe14650000 - 0x00007ffe14eb2000 	C:\Windows\SYSTEM32\windows.storage.dll
0x00007ffe17a20000 - 0x00007ffe17d96000 	C:\Windows\System32\combase.dll
0x00007ffe144e0000 - 0x00007ffe14647000 	C:\Windows\SYSTEM32\wintypes.dll
0x00007ffe17090000 - 0x00007ffe1717a000 	C:\Windows\System32\SHCORE.dll
0x00007ffe16520000 - 0x00007ffe16545000 	C:\Windows\SYSTEM32\profapi.dll
0x00007ffe006a0000 - 0x00007ffe006b9000 	C:\Program Files\Java\jdk-11\bin\net.dll
0x00007ffe10330000 - 0x00007ffe10444000 	C:\Windows\SYSTEM32\WINHTTP.dll
0x00007ffe15b90000 - 0x00007ffe15bf7000 	C:\Windows\system32\mswsock.dll
0x00007ffe00680000 - 0x00007ffe00692000 	C:\Program Files\Java\jdk-11\bin\nio.dll
0x00007ffe02750000 - 0x00007ffe02777000 	C:\Users\dobao\.gradle\native\68d5fa5c4cc2d200863cafc0d521ce42e7d3e7ee720ec0a83991735586a16f82\windows-amd64\native-platform.dll
0x00007ffdf8f70000 - 0x00007ffdf90b4000 	C:\Users\dobao\.gradle\native\e376f236ea51e6404a007f0833ffe2c6e607c4080706a723a18a27aeea778392\windows-amd64\native-platform-file-events.dll
0x00007ffe01a30000 - 0x00007ffe01a39000 	C:\Program Files\Java\jdk-11\bin\management.dll
0x00007ffe00580000 - 0x00007ffe0058b000 	C:\Program Files\Java\jdk-11\bin\management_ext.dll
0x00007ffe15dd0000 - 0x00007ffe15de8000 	C:\Windows\SYSTEM32\CRYPTSP.dll
0x00007ffe155c0000 - 0x00007ffe155f5000 	C:\Windows\system32\rsaenh.dll
0x00007ffe15c80000 - 0x00007ffe15cac000 	C:\Windows\SYSTEM32\USERENV.dll
0x00007ffe15f50000 - 0x00007ffe15f77000 	C:\Windows\SYSTEM32\bcrypt.dll
0x00007ffe15df0000 - 0x00007ffe15dfc000 	C:\Windows\SYSTEM32\CRYPTBASE.dll
0x00007ffe15110000 - 0x00007ffe1513d000 	C:\Windows\SYSTEM32\IPHLPAPI.DLL
0x00007ffe18130000 - 0x00007ffe18139000 	C:\Windows\System32\NSI.dll
0x00007ffe10520000 - 0x00007ffe10539000 	C:\Windows\SYSTEM32\dhcpcsvc6.DLL
0x00007ffe108f0000 - 0x00007ffe1090e000 	C:\Windows\SYSTEM32\dhcpcsvc.DLL
0x00007ffe15140000 - 0x00007ffe15227000 	C:\Windows\SYSTEM32\DNSAPI.dll
0x00007ffe03ca0000 - 0x00007ffe03cbe000 	C:\Users\dobao\AppData\Local\Temp\native-platform12197269567819359826dir\native-platform.dll
0x00007ffe0bf40000 - 0x00007ffe0bf47000 	C:\Program Files\Java\jdk-11\bin\rmi.dll

dbghelp: loaded successfully - version: 4.0.5 - missing functions: none
symbol engine: initialized successfully - sym options: 0x614 - pdb path: .;C:\Program Files\Java\jdk-11\bin;C:\Windows\SYSTEM32;C:\Windows\WinSxS\amd64_microsoft.windows.common-controls_6595b64144ccf1df_6.0.22000.120_none_9d947278b86cc467;C:\Program Files (x86)\360\Total Security\safemon;C:\Program Files\Java\jdk-11\bin\server;C:\Users\dobao\.gradle\native\68d5fa5c4cc2d200863cafc0d521ce42e7d3e7ee720ec0a83991735586a16f82\windows-amd64;C:\Users\dobao\.gradle\native\e376f236ea51e6404a007f0833ffe2c6e607c4080706a723a18a27aeea778392\windows-amd64;C:\Users\dobao\AppData\Local\Temp\native-platform12197269567819359826dir

VM Arguments:
jvm_args: -XX:MaxMetaspaceSize=512m --add-opens=java.base/java.util=ALL-UNNAMED --add-opens=java.base/java.lang=ALL-UNNAMED --add-opens=java.base/java.lang.invoke=ALL-UNNAMED --add-opens=java.prefs/java.util.prefs=ALL-UNNAMED --add-opens=java.base/java.nio.charset=ALL-UNNAMED --add-opens=java.base/java.net=ALL-UNNAMED --add-opens=java.base/java.util.concurrent.atomic=ALL-UNNAMED -Xmx2048m -Dfile.encoding=windows-1252 -Duser.country=US -Duser.language=en -Duser.variant 
java_command: org.gradle.launcher.daemon.bootstrap.GradleDaemon 8.0.1
java_class_path (initial): C:\Users\dobao\.gradle\wrapper\dists\gradle-8.0.1-all\aro4hu1c3oeioove7l0i4i14o\gradle-8.0.1\lib\gradle-launcher-8.0.1.jar
Launcher Type: SUN_STANDARD

[Global flags]
     intx CICompilerCount                          = 3                                         {product} {ergonomic}
   size_t CompressedClassSpaceSize                 = 528482304                                 {product} {ergonomic}
     uint ConcGCThreads                            = 1                                         {product} {ergonomic}
     uint G1ConcRefinementThreads                  = 4                                         {product} {ergonomic}
   size_t G1HeapRegionSize                         = 1048576                                   {product} {ergonomic}
    uintx GCDrainStackTargetSize                   = 64                                        {product} {ergonomic}
   size_t InitialHeapSize                          = 199229440                                 {product} {ergonomic}
   size_t MarkStackSize                            = 4194304                                   {product} {ergonomic}
   size_t MaxHeapSize                              = 2147483648                                {product} {command line}
   size_t MaxMetaspaceSize                         = 536870912                                 {product} {command line}
   size_t MaxNewSize                               = 1287651328                                {product} {ergonomic}
   size_t MinHeapDeltaBytes                        = 1048576                                   {product} {ergonomic}
    uintx NonNMethodCodeHeapSize                   = 5830732                                {pd product} {ergonomic}
    uintx NonProfiledCodeHeapSize                  = 122913754                              {pd product} {ergonomic}
    uintx ProfiledCodeHeapSize                     = 122913754                              {pd product} {ergonomic}
    uintx ReservedCodeCacheSize                    = 251658240                              {pd product} {ergonomic}
     bool SegmentedCodeCache                       = true                                      {product} {ergonomic}
     bool UseCompressedClassPointers               = true                                 {lp64_product} {ergonomic}
     bool UseCompressedOops                        = true                                 {lp64_product} {ergonomic}
     bool UseG1GC                                  = true                                      {product} {ergonomic}
     bool UseLargePagesIndividualAllocation        = false                                  {pd product} {ergonomic}

Logging:
Log output configuration:
 #0: stdout all=warning uptime,level,tags
 #1: stderr all=off uptime,level,tags

Environment Variables:
JAVA_HOME=C:\Program Files\Java\jdk-11
CLASSPATH=E:\Project\App\HobbyHub\android\\gradle\wrapper\gradle-wrapper.jar
PATH=C:\Users\dobao\AppData\Local\Temp\yarn--1694879117588-0.7403366919549521;E:\Project\App\HobbyHub\node_modules\.bin;C:\Users\dobao\AppData\Local\Yarn\Data\link\node_modules\.bin;C:\Users\dobao\AppData\Local\Yarn\bin;C:\Program Files\libexec\lib\node_modules\npm\bin\node-gyp-bin;C:\Program Files\lib\node_modules\npm\bin\node-gyp-bin;C:\Program Files\nodejs\node_modules\npm\bin\node-gyp-bin;C:\Users\dobao\bin;C:\Program Files\Git\mingw64\bin;C:\Program Files\Git\usr\local\bin;C:\Program Files\Git\usr\bin;C:\Program Files\Git\usr\bin;C:\Program Files\Git\mingw64\bin;C:\Program Files\Git\usr\bin;C:\Users\dobao\bin;C:\Program Files\Common Files\Oracle\Java\javapath;C:\Windows\system32;C:\Windows;C:\Windows\System32\Wbem;C:\Windows\System32\WindowsPowerShell\v1.0;C:\Windows\System32\OpenSSH;C:\Program Files\dotnet;C:\Program Files (x86)\Intel\Intel(R) Management Engine Components\DAL;C:\Program Files\Intel\Intel(R) Management Engine Components\DAL;C:\Program Files (x86)\NVIDIA Corporation\PhysX\Common;C:\Program Files\nodejs;C:\Program Files\Git\cmd;C:\Program Files (x86)\Microsoft SQL Server\160\Tools\Binn;C:\Program Files\Microsoft SQL Server\160\Tools\Binn;C:\Program Files\Microsoft SQL Server\Client SDK\ODBC\170\Tools\Binn;C:\Program Files\Microsoft SQL Server\160\DTS\Binn;C:\Program Files (x86)\Microsoft SQL Server\160\DTS\Binn;C:\Program Files\Azure Data Studio\bin;C:\Program Files\Microsoft VS Code;C:\Users\dobao\AppData\Roaming\npm;C:\Users\dobao\AppData\Roaming\Microsoft\Windows\Start Menu\Programs;C:\Program Files\Microsoft SQL Server\150\Tools\Binn;C:\Program Files\Java\jdk-11;C:\Users\dobao\scoop\apps\gcc\current\bin;C:\Users\dobao\scoop\shims;C:\Users\dobao\scoop\shims;C:\Program Files\Common Files\Oracle\Java\javapath;C:\Windows\system32;C:\Windows;C:\Windows\System32\Wbem;C:\Windows\System32\WindowsPowerShell\v1.0;C:\Windows\System32\OpenSSH;C:\Program Files\dotnet;C:\Program Files (x86)\Intel\Intel(R) Management Engine Components\DAL;C:\Program Files\Inte
USERNAME=dobao
SHELL=C:\Program Files\Git\usr\bin\bash.exe
DISPLAY=needs-to-be-defined
OS=Windows_NT
PROCESSOR_IDENTIFIER=Intel64 Family 6 Model 158 Stepping 9, GenuineIntel



---------------  S Y S T E M  ---------------

OS: Windows 11 , 64 bit Build 22000 (10.0.22000.2360)

CPU:total 4 (initial active 4) (4 cores per cpu, 1 threads per core) family 6 model 158 stepping 9 microcode 0xea, cmov, cx8, fxsr, mmx, sse, sse2, sse3, ssse3, sse4.1, sse4.2, popcnt, avx, avx2, aes, clmul, erms, 3dnowpref, lzcnt, tsc, tscinvbit, bmi1, bmi2, adx, fma

Memory: 4k page, system-wide physical 12154M (119M free)
TotalPageFile size 18298M (AvailPageFile size 26M)
current process WorkingSet (physical memory assigned to process): 762M, peak: 782M
current process commit charge ("private bytes"): 811M, peak: 877M

vm_info: Java HotSpot(TM) 64-Bit Server VM (11.0.19+9-LTS-224) for windows-amd64 JRE (11.0.19+9-LTS-224), built on Mar 27 2023 08:48:55 by "mach5one" with MS VC++ 17.1 (VS2022)

END.
